2006.10.26 20:59 B C:\Altnet\hoc\Index_files\card1.jpg --> newchinaacupuncture.com.au /httpdocs/images card1.jpg
2006.10.26 20:59 B C:\Altnet\hoc\Index_files\card2(TN).jpg --> newchinaacupuncture.com.au /httpdocs/images card2(TN).jpg
2006.10.26 20:59 B C:\Altnet\hoc\Index_files\card2.jpg --> newchinaacupuncture.com.au /httpdocs/images card2.jpg
2006.10.26 20:59 B C:\Altnet\hoc\Index_files\card3.jpg --> newchinaacupuncture.com.au /httpdocs/images card3.jpg
2006.10.26 20:59 B C:\Altnet\hoc\Index_files\card4.jpg --> newchinaacupuncture.com.au /httpdocs/images card4.jpg
2006.10.26 20:59 B C:\Altnet\hoc\Index_files\index.js --> newchinaacupuncture.com.au /httpdocs/images index.js
2006.10.26 20:59 B C:\Altnet\hoc\Index_files\index_b1.gif --> newchinaacupuncture.com.au /httpdocs/images index_b1.gif
2006.10.26 20:59 B C:\Altnet\hoc\Index_files\index_b1_over.gif --> newchinaacupuncture.com.au /httpdocs/images index_b1_over.gif
2006.10.26 20:59 B C:\Altnet\hoc\Index_files\index_b2.gif --> newchinaacupuncture.com.au /httpdocs/images index_b2.gif
2006.10.26 20:59 B C:\Altnet\hoc\Index_files\index_b2_over.gif --> newchinaacupuncture.com.au /httpdocs/images index_b2_over.gif
2006.10.26 20:59 B C:\Altnet\hoc\Index_files\index_b3.gif --> newchinaacupuncture.com.au /httpdocs/images index_b3.gif
2006.10.26 20:59 B C:\Altnet\hoc\Index_files\index_b3_over.gif --> newchinaacupuncture.com.au /httpdocs/images index_b3_over.gif
2006.10.26 20:59 B C:\Altnet\hoc\Index_files\index_b4.gif --> newchinaacupuncture.com.au /httpdocs/images index_b4.gif
2006.10.26 20:59 B C:\Altnet\hoc\Index_files\index_b4_over.gif --> newchinaacupuncture.com.au /httpdocs/images index_b4_over.gif
2006.10.26 20:59 B C:\Altnet\hoc\Index_files\index_b5.gif --> newchinaacupuncture.com.au /httpdocs/images index_b5.gif
2006.10.26 21:00 B C:\Altnet\hoc\Index_files\index_b5_over.gif --> newchinaacupuncture.com.au /httpdocs/images index_b5_over.gif
2006.10.26 21:00 B C:\Altnet\hoc\Index_files\index_b6.gif --> newchinaacupuncture.com.au /httpdocs/images index_b6.gif
2006.10.26 21:00 B C:\Altnet\hoc\Index_files\index_b6_over.gif --> newchinaacupuncture.com.au /httpdocs/images index_b6_over.gif
2006.10.26 21:00 B C:\Altnet\hoc\Index_files\index_b7.gif --> newchinaacupuncture.com.au /httpdocs/images index_b7.gif
2006.10.26 21:00 B C:\Altnet\hoc\Index_files\index_b7_over.gif --> newchinaacupuncture.com.au /httpdocs/images index_b7_over.gif
2006.10.26 21:00 B C:\Altnet\hoc\Index_files\index_b8.gif --> newchinaacupuncture.com.au /httpdocs/images index_b8.gif
2006.10.26 21:00 B C:\Altnet\hoc\Index_files\index_b8_over.gif --> newchinaacupuncture.com.au /httpdocs/images index_b8_over.gif
2006.10.26 21:00 B C:\Altnet\hoc\Index_files\Index_bullet.gif --> newchinaacupuncture.com.au /httpdocs/images Index_bullet.gif
2006.10.26 21:00 B C:\Altnet\hoc\Index_files\Index_heading.gif --> newchinaacupuncture.com.au /httpdocs/images Index_heading.gif
2006.10.26 21:00 B C:\Altnet\hoc\Index_files\Index_hnavbar.gif --> newchinaacupuncture.com.au /httpdocs/images Index_hnavbar.gif
2006.10.26 21:00 B C:\Altnet\hoc\Index_files\index_hnavbar.js --> newchinaacupuncture.com.au /httpdocs/images index_hnavbar.js
2006.10.26 21:00 B C:\Altnet\hoc\Index_files\index_hnavbar_b1.gif --> newchinaacupuncture.com.au /httpdocs/images index_hnavbar_b1.gif
2006.10.26 21:00 B C:\Altnet\hoc\Index_files\index_hnavbar_b1_over.gif --> newchinaacupuncture.com.au /httpdocs/images index_hnavbar_b1_over.gif
2006.10.26 21:00 B C:\Altnet\hoc\Index_files\index_hnavbar_b2.gif --> newchinaacupuncture.com.au /httpdocs/images index_hnavbar_b2.gif
2006.10.26 21:00 B C:\Altnet\hoc\Index_files\index_hnavbar_b2_over.gif --> newchinaacupuncture.com.au /httpdocs/images index_hnavbar_b2_over.gif
2006.10.26 21:00 B C:\Altnet\hoc\Index_files\index_hnavbar_b3.gif --> newchinaacupuncture.com.au /httpdocs/images index_hnavbar_b3.gif
2006.10.26 21:00 B C:\Altnet\hoc\Index_files\index_hnavbar_b3_over.gif --> newchinaacupuncture.com.au /httpdocs/images index_hnavbar_b3_over.gif
2006.10.26 21:00 B C:\Altnet\hoc\Index_files\index_hnavbar_b4.gif --> newchinaacupuncture.com.au /httpdocs/images index_hnavbar_b4.gif
2006.10.26 21:00 B C:\Altnet\hoc\Index_files\index_hnavbar_b4_over.gif --> newchinaacupuncture.com.au /httpdocs/images index_hnavbar_b4_over.gif
2006.10.26 21:00 B C:\Altnet\hoc\Index_files\index_hnavbar_b5.gif --> newchinaacupuncture.com.au /httpdocs/images index_hnavbar_b5.gif
2006.10.26 21:00 B C:\Altnet\hoc\Index_files\index_hnavbar_b5_over.gif --> newchinaacupuncture.com.au /httpdocs/images index_hnavbar_b5_over.gif
2006.10.26 21:00 B C:\Altnet\hoc\Index_files\index_hnavbar_b6.gif --> newchinaacupuncture.com.au /httpdocs/images index_hnavbar_b6.gif
2006.10.26 21:00 B C:\Altnet\hoc\Index_files\index_hnavbar_b6_over.gif --> newchinaacupuncture.com.au /httpdocs/images index_hnavbar_b6_over.gif
2006.10.26 21:00 B C:\Altnet\hoc\Index_files\index_hnavbar_b7.gif --> newchinaacupuncture.com.au /httpdocs/images index_hnavbar_b7.gif
2006.10.26 21:00 B C:\Altnet\hoc\Index_files\index_hnavbar_b7_over.gif --> newchinaacupuncture.com.au /httpdocs/images index_hnavbar_b7_over.gif
2006.10.26 21:00 B C:\Altnet\hoc\Index_files\index_hnavbar_b8.gif --> newchinaacupuncture.com.au /httpdocs/images index_hnavbar_b8.gif
2006.10.26 21:00 B C:\Altnet\hoc\Index_files\index_hnavbar_b8_over.gif --> newchinaacupuncture.com.au /httpdocs/images index_hnavbar_b8_over.gif
2006.10.26 21:00 B C:\Altnet\hoc\Index_files\Index_image1.gif --> newchinaacupuncture.com.au /httpdocs/images Index_image1.gif
2006.10.26 21:00 B C:\Altnet\hoc\Index_files\Index_image1.jpg --> newchinaacupuncture.com.au /httpdocs/images Index_image1.jpg
2006.10.26 21:00 B C:\Altnet\hoc\Index_files\Index_image2.jpg --> newchinaacupuncture.com.au /httpdocs/images Index_image2.jpg
2006.10.26 21:00 B C:\Altnet\hoc\Index_files\Index_logo.gif --> newchinaacupuncture.com.au /httpdocs/images Index_logo.gif
2006.10.26 21:00 B C:\Altnet\hoc\Index_files\Index_vnavbar.gif --> newchinaacupuncture.com.au /httpdocs/images Index_vnavbar.gif
2006.10.26 21:00 B C:\Altnet\hoc\Index_files\index_vnavbar.js --> newchinaacupuncture.com.au /httpdocs/images index_vnavbar.js
2006.10.26 21:00 B C:\Altnet\hoc\Index_files\index_vnavbar_b1.gif --> newchinaacupuncture.com.au /httpdocs/images index_vnavbar_b1.gif
2006.10.26 21:00 B C:\Altnet\hoc\Index_files\index_vnavbar_b1_over.gif --> newchinaacupuncture.com.au /httpdocs/images index_vnavbar_b1_over.gif
2006.10.26 21:00 B C:\Altnet\hoc\Index_files\index_vnavbar_b2.gif --> newchinaacupuncture.com.au /httpdocs/images index_vnavbar_b2.gif
2006.10.26 21:00 B C:\Altnet\hoc\Index_files\index_vnavbar_b2_over.gif --> newchinaacupuncture.com.au /httpdocs/images index_vnavbar_b2_over.gif
2006.10.26 21:00 B C:\Altnet\hoc\Index_files\index_vnavbar_b3.gif --> newchinaacupuncture.com.au /httpdocs/images index_vnavbar_b3.gif
2006.10.26 21:00 B C:\Altnet\hoc\Index_files\index_vnavbar_b3_over.gif --> newchinaacupuncture.com.au /httpdocs/images index_vnavbar_b3_over.gif
2006.10.26 21:00 B C:\Altnet\hoc\Index_files\index_vnavbar_b4.gif --> newchinaacupuncture.com.au /httpdocs/images index_vnavbar_b4.gif
2006.10.26 21:00 B C:\Altnet\hoc\Index_files\index_vnavbar_b4_over.gif --> newchinaacupuncture.com.au /httpdocs/images index_vnavbar_b4_over.gif
2006.10.26 21:00 B C:\Altnet\hoc\Index_files\index_vnavbar_b5.gif --> newchinaacupuncture.com.au /httpdocs/images index_vnavbar_b5.gif
2006.10.26 21:00 B C:\Altnet\hoc\Index_files\index_vnavbar_b5_over.gif --> newchinaacupuncture.com.au /httpdocs/images index_vnavbar_b5_over.gif
2006.10.26 21:00 B C:\Altnet\hoc\Index_files\logo.jpg --> newchinaacupuncture.com.au /httpdocs/images logo.jpg
2006.10.26 21:00 B C:\Altnet\hoc\Index_files\Thumbs.db --> newchinaacupuncture.com.au /httpdocs/images Thumbs.db
2006.10.26 21:00 B C:\Altnet\hoc\Index_files\xaramenu.js --> newchinaacupuncture.com.au /httpdocs/images xaramenu.js
2006.10.26 21:04 B C:\Altnet\hoc\Index_files\index.js --> newchinaacupuncture.com.au /httpdocs index.js
2006.10.26 21:04 B C:\Altnet\hoc\Index_files\index_b1.gif --> newchinaacupuncture.com.au /httpdocs index_b1.gif
2006.10.26 21:04 B C:\Altnet\hoc\Index_files\index_b1_over.gif --> newchinaacupuncture.com.au /httpdocs index_b1_over.gif
2006.10.26 21:04 B C:\Altnet\hoc\Index_files\index_b2.gif --> newchinaacupuncture.com.au /httpdocs index_b2.gif
2006.10.26 21:04 B C:\Altnet\hoc\Index_files\index_b2_over.gif --> newchinaacupuncture.com.au /httpdocs index_b2_over.gif
2006.10.26 21:04 B C:\Altnet\hoc\Index_files\index_b3.gif --> newchinaacupuncture.com.au /httpdocs index_b3.gif
2006.10.26 21:04 B C:\Altnet\hoc\Index_files\index_b3_over.gif --> newchinaacupuncture.com.au /httpdocs index_b3_over.gif
2006.10.26 21:04 B C:\Altnet\hoc\Index_files\index_b4.gif --> newchinaacupuncture.com.au /httpdocs index_b4.gif
2006.10.26 21:04 B C:\Altnet\hoc\Index_files\index_b4_over.gif --> newchinaacupuncture.com.au /httpdocs index_b4_over.gif
2006.10.26 21:04 B C:\Altnet\hoc\Index_files\index_b5.gif --> newchinaacupuncture.com.au /httpdocs index_b5.gif
2006.10.26 21:04 B C:\Altnet\hoc\Index_files\index_b5_over.gif --> newchinaacupuncture.com.au /httpdocs index_b5_over.gif
2006.10.26 21:04 B C:\Altnet\hoc\Index_files\index_b6.gif --> newchinaacupuncture.com.au /httpdocs index_b6.gif
2006.10.26 21:04 B C:\Altnet\hoc\Index_files\index_b6_over.gif --> newchinaacupuncture.com.au /httpdocs index_b6_over.gif
2006.10.26 21:04 B C:\Altnet\hoc\Index_files\index_b7.gif --> newchinaacupuncture.com.au /httpdocs index_b7.gif
2006.10.26 21:04 B C:\Altnet\hoc\Index_files\index_b7_over.gif --> newchinaacupuncture.com.au /httpdocs index_b7_over.gif
2006.10.26 21:04 B C:\Altnet\hoc\Index_files\index_b8.gif --> newchinaacupuncture.com.au /httpdocs index_b8.gif
2006.10.26 21:04 B C:\Altnet\hoc\Index_files\index_b8_over.gif --> newchinaacupuncture.com.au /httpdocs index_b8_over.gif
2006.10.26 21:04 B C:\Altnet\hoc\Index_files\Index_bullet.gif --> newchinaacupuncture.com.au /httpdocs Index_bullet.gif
2006.10.26 21:04 B C:\Altnet\hoc\Index_files\Index_heading.gif --> newchinaacupuncture.com.au /httpdocs Index_heading.gif
2006.10.26 21:04 B C:\Altnet\hoc\Index_files\Index_hnavbar.gif --> newchinaacupuncture.com.au /httpdocs Index_hnavbar.gif
2006.10.26 21:04 B C:\Altnet\hoc\Index_files\index_hnavbar.js --> newchinaacupuncture.com.au /httpdocs index_hnavbar.js
2006.10.26 21:04 B C:\Altnet\hoc\Index_files\index_hnavbar_b1.gif --> newchinaacupuncture.com.au /httpdocs index_hnavbar_b1.gif
2006.10.26 21:04 B C:\Altnet\hoc\Index_files\index_hnavbar_b1_over.gif --> newchinaacupuncture.com.au /httpdocs index_hnavbar_b1_over.gif
2006.10.26 21:04 B C:\Altnet\hoc\Index_files\index_hnavbar_b2.gif --> newchinaacupuncture.com.au /httpdocs index_hnavbar_b2.gif
2006.10.26 21:04 B C:\Altnet\hoc\Index_files\index_hnavbar_b2_over.gif --> newchinaacupuncture.com.au /httpdocs index_hnavbar_b2_over.gif
2006.10.26 21:04 B C:\Altnet\hoc\Index_files\index_hnavbar_b3.gif --> newchinaacupuncture.com.au /httpdocs index_hnavbar_b3.gif
2006.10.26 21:04 B C:\Altnet\hoc\Index_files\index_hnavbar_b3_over.gif --> newchinaacupuncture.com.au /httpdocs index_hnavbar_b3_over.gif
2006.10.26 21:04 B C:\Altnet\hoc\Index_files\index_hnavbar_b4.gif --> newchinaacupuncture.com.au /httpdocs index_hnavbar_b4.gif
2006.10.26 21:04 B C:\Altnet\hoc\Index_files\index_hnavbar_b4_over.gif --> newchinaacupuncture.com.au /httpdocs index_hnavbar_b4_over.gif
2006.10.26 21:04 B C:\Altnet\hoc\Index_files\index_hnavbar_b5.gif --> newchinaacupuncture.com.au /httpdocs index_hnavbar_b5.gif
2006.10.26 21:04 B C:\Altnet\hoc\Index_files\index_hnavbar_b5_over.gif --> newchinaacupuncture.com.au /httpdocs index_hnavbar_b5_over.gif
2006.10.26 21:04 B C:\Altnet\hoc\Index_files\index_hnavbar_b6.gif --> newchinaacupuncture.com.au /httpdocs index_hnavbar_b6.gif
2006.10.26 21:04 B C:\Altnet\hoc\Index_files\index_hnavbar_b6_over.gif --> newchinaacupuncture.com.au /httpdocs index_hnavbar_b6_over.gif
2006.10.26 21:04 B C:\Altnet\hoc\Index_files\index_hnavbar_b7.gif --> newchinaacupuncture.com.au /httpdocs index_hnavbar_b7.gif
2006.10.26 21:04 B C:\Altnet\hoc\Index_files\index_hnavbar_b7_over.gif --> newchinaacupuncture.com.au /httpdocs index_hnavbar_b7_over.gif
2006.10.26 21:04 B C:\Altnet\hoc\Index_files\index_hnavbar_b8.gif --> newchinaacupuncture.com.au /httpdocs index_hnavbar_b8.gif
2006.10.26 21:04 B C:\Altnet\hoc\Index_files\index_hnavbar_b8_over.gif --> newchinaacupuncture.com.au /httpdocs index_hnavbar_b8_over.gif
2006.10.26 21:04 B C:\Altnet\hoc\Index_files\Index_image1.gif --> newchinaacupuncture.com.au /httpdocs Index_image1.gif
2006.10.26 21:04 B C:\Altnet\hoc\Index_files\Index_image1.jpg --> newchinaacupuncture.com.au /httpdocs Index_image1.jpg
2006.10.26 21:04 B C:\Altnet\hoc\Index_files\Index_image2.jpg --> newchinaacupuncture.com.au /httpdocs Index_image2.jpg
2006.10.26 21:04 B C:\Altnet\hoc\Index_files\Index_logo.gif --> newchinaacupuncture.com.au /httpdocs Index_logo.gif
2006.10.26 21:04 B C:\Altnet\hoc\Index_files\Index_vnavbar.gif --> newchinaacupuncture.com.au /httpdocs Index_vnavbar.gif
2006.10.26 21:04 B C:\Altnet\hoc\Index_files\index_vnavbar.js --> newchinaacupuncture.com.au /httpdocs index_vnavbar.js
2006.10.26 21:04 B C:\Altnet\hoc\Index_files\index_vnavbar_b1.gif --> newchinaacupuncture.com.au /httpdocs index_vnavbar_b1.gif
2006.10.26 21:04 B C:\Altnet\hoc\Index_files\index_vnavbar_b1_over.gif --> newchinaacupuncture.com.au /httpdocs index_vnavbar_b1_over.gif
2006.10.26 21:04 B C:\Altnet\hoc\Index_files\index_vnavbar_b2.gif --> newchinaacupuncture.com.au /httpdocs index_vnavbar_b2.gif
2006.10.26 21:04 B C:\Altnet\hoc\Index_files\index_vnavbar_b2_over.gif --> newchinaacupuncture.com.au /httpdocs index_vnavbar_b2_over.gif
2006.10.26 21:04 B C:\Altnet\hoc\Index_files\index_vnavbar_b3.gif --> newchinaacupuncture.com.au /httpdocs index_vnavbar_b3.gif
2006.10.26 21:04 B C:\Altnet\hoc\Index_files\index_vnavbar_b3_over.gif --> newchinaacupuncture.com.au /httpdocs index_vnavbar_b3_over.gif
2006.10.26 21:04 B C:\Altnet\hoc\Index_files\index_vnavbar_b4.gif --> newchinaacupuncture.com.au /httpdocs index_vnavbar_b4.gif
2006.10.26 21:04 B C:\Altnet\hoc\Index_files\index_vnavbar_b4_over.gif --> newchinaacupuncture.com.au /httpdocs index_vnavbar_b4_over.gif
2006.10.26 21:04 B C:\Altnet\hoc\Index_files\index_vnavbar_b5.gif --> newchinaacupuncture.com.au /httpdocs index_vnavbar_b5.gif
2006.10.26 21:04 B C:\Altnet\hoc\Index_files\index_vnavbar_b5_over.gif --> newchinaacupuncture.com.au /httpdocs index_vnavbar_b5_over.gif
2006.10.26 21:04 B C:\Altnet\hoc\Index_files\logo.jpg --> newchinaacupuncture.com.au /httpdocs logo.jpg
2006.10.26 21:05 B C:\Altnet\hoc\Index_files\Thumbs.db --> newchinaacupuncture.com.au /httpdocs Thumbs.db
2006.10.26 21:05 B C:\Altnet\hoc\Index_files\WS_FTP.LOG --> newchinaacupuncture.com.au /httpdocs WS_FTP.LOG
2006.10.26 21:05 B C:\Altnet\hoc\Index_files\xaramenu.js --> newchinaacupuncture.com.au /httpdocs xaramenu.js
2006.10.26 21:17 B C:\Altnet\hoc\Index_files\card1.jpg --> newchinaacupuncture.com.au /httpdocs/Index_files card1.jpg
2006.10.26 21:17 B C:\Altnet\hoc\Index_files\card2(TN).jpg --> newchinaacupuncture.com.au /httpdocs/Index_files card2(TN).jpg
2006.10.26 21:17 B C:\Altnet\hoc\Index_files\card2.jpg --> newchinaacupuncture.com.au /httpdocs/Index_files card2.jpg
2006.10.26 21:17 B C:\Altnet\hoc\Index_files\card3.jpg --> newchinaacupuncture.com.au /httpdocs/Index_files card3.jpg
2006.10.26 21:17 B C:\Altnet\hoc\Index_files\card4.jpg --> newchinaacupuncture.com.au /httpdocs/Index_files card4.jpg
2006.10.26 21:17 B C:\Altnet\hoc\Index_files\index.js --> newchinaacupuncture.com.au /httpdocs/Index_files index.js
2006.10.26 21:17 B C:\Altnet\hoc\Index_files\index_b1.gif --> newchinaacupuncture.com.au /httpdocs/Index_files index_b1.gif
2006.10.26 21:17 B C:\Altnet\hoc\Index_files\index_b1_over.gif --> newchinaacupuncture.com.au /httpdocs/Index_files index_b1_over.gif
2006.10.26 21:17 B C:\Altnet\hoc\Index_files\index_b2.gif --> newchinaacupuncture.com.au /httpdocs/Index_files index_b2.gif
2006.10.26 21:17 B C:\Altnet\hoc\Index_files\index_b2_over.gif --> newchinaacupuncture.com.au /httpdocs/Index_files index_b2_over.gif
2006.10.26 21:17 B C:\Altnet\hoc\Index_files\index_b3.gif --> newchinaacupuncture.com.au /httpdocs/Index_files index_b3.gif
2006.10.26 21:17 B C:\Altnet\hoc\Index_files\index_b3_over.gif --> newchinaacupuncture.com.au /httpdocs/Index_files index_b3_over.gif
2006.10.26 21:17 B C:\Altnet\hoc\Index_files\index_b4.gif --> newchinaacupuncture.com.au /httpdocs/Index_files index_b4.gif
2006.10.26 21:17 B C:\Altnet\hoc\Index_files\index_b4_over.gif --> newchinaacupuncture.com.au /httpdocs/Index_files index_b4_over.gif
2006.10.26 21:17 B C:\Altnet\hoc\Index_files\index_b5.gif --> newchinaacupuncture.com.au /httpdocs/Index_files index_b5.gif
2006.10.26 21:17 B C:\Altnet\hoc\Index_files\index_b5_over.gif --> newchinaacupuncture.com.au /httpdocs/Index_files index_b5_over.gif
2006.10.26 21:17 B C:\Altnet\hoc\Index_files\index_b6.gif --> newchinaacupuncture.com.au /httpdocs/Index_files index_b6.gif
2006.10.26 21:17 B C:\Altnet\hoc\Index_files\index_b6_over.gif --> newchinaacupuncture.com.au /httpdocs/Index_files index_b6_over.gif
2006.10.26 21:17 B C:\Altnet\hoc\Index_files\index_b7.gif --> newchinaacupuncture.com.au /httpdocs/Index_files index_b7.gif
2006.10.26 21:17 B C:\Altnet\hoc\Index_files\index_b7_over.gif --> newchinaacupuncture.com.au /httpdocs/Index_files index_b7_over.gif
2006.10.26 21:17 B C:\Altnet\hoc\Index_files\index_b8.gif --> newchinaacupuncture.com.au /httpdocs/Index_files index_b8.gif
2006.10.26 21:17 B C:\Altnet\hoc\Index_files\index_b8_over.gif --> newchinaacupuncture.com.au /httpdocs/Index_files index_b8_over.gif
2006.10.26 21:17 B C:\Altnet\hoc\Index_files\Index_bullet.gif --> newchinaacupuncture.com.au /httpdocs/Index_files Index_bullet.gif
2006.10.26 21:17 B C:\Altnet\hoc\Index_files\Index_heading.gif --> newchinaacupuncture.com.au /httpdocs/Index_files Index_heading.gif
2006.10.26 21:17 B C:\Altnet\hoc\Index_files\Index_hnavbar.gif --> newchinaacupuncture.com.au /httpdocs/Index_files Index_hnavbar.gif
2006.10.26 21:17 B C:\Altnet\hoc\Index_files\index_hnavbar.js --> newchinaacupuncture.com.au /httpdocs/Index_files index_hnavbar.js
2006.10.26 21:17 B C:\Altnet\hoc\Index_files\index_hnavbar_b1.gif --> newchinaacupuncture.com.au /httpdocs/Index_files index_hnavbar_b1.gif
2006.10.26 21:17 B C:\Altnet\hoc\Index_files\index_hnavbar_b1_over.gif --> newchinaacupuncture.com.au /httpdocs/Index_files index_hnavbar_b1_over.gif
2006.10.26 21:17 B C:\Altnet\hoc\Index_files\index_hnavbar_b2.gif --> newchinaacupuncture.com.au /httpdocs/Index_files index_hnavbar_b2.gif
2006.10.26 21:17 B C:\Altnet\hoc\Index_files\index_hnavbar_b2_over.gif --> newchinaacupuncture.com.au /httpdocs/Index_files index_hnavbar_b2_over.gif
2006.10.26 21:17 B C:\Altnet\hoc\Index_files\index_hnavbar_b3.gif --> newchinaacupuncture.com.au /httpdocs/Index_files index_hnavbar_b3.gif
2006.10.26 21:17 B C:\Altnet\hoc\Index_files\index_hnavbar_b3_over.gif --> newchinaacupuncture.com.au /httpdocs/Index_files index_hnavbar_b3_over.gif
2006.10.26 21:17 B C:\Altnet\hoc\Index_files\index_hnavbar_b4.gif --> newchinaacupuncture.com.au /httpdocs/Index_files index_hnavbar_b4.gif
2006.10.26 21:17 B C:\Altnet\hoc\Index_files\index_hnavbar_b4_over.gif --> newchinaacupuncture.com.au /httpdocs/Index_files index_hnavbar_b4_over.gif
2006.10.26 21:17 B C:\Altnet\hoc\Index_files\index_hnavbar_b5.gif --> newchinaacupuncture.com.au /httpdocs/Index_files index_hnavbar_b5.gif
2006.10.26 21:17 B C:\Altnet\hoc\Index_files\index_hnavbar_b5_over.gif --> newchinaacupuncture.com.au /httpdocs/Index_files index_hnavbar_b5_over.gif
2006.10.26 21:17 B C:\Altnet\hoc\Index_files\index_hnavbar_b6.gif --> newchinaacupuncture.com.au /httpdocs/Index_files index_hnavbar_b6.gif
2006.10.26 21:17 B C:\Altnet\hoc\Index_files\index_hnavbar_b6_over.gif --> newchinaacupuncture.com.au /httpdocs/Index_files index_hnavbar_b6_over.gif
2006.10.26 21:17 B C:\Altnet\hoc\Index_files\index_hnavbar_b7.gif --> newchinaacupuncture.com.au /httpdocs/Index_files index_hnavbar_b7.gif
2006.10.26 21:17 B C:\Altnet\hoc\Index_files\index_hnavbar_b7_over.gif --> newchinaacupuncture.com.au /httpdocs/Index_files index_hnavbar_b7_over.gif
2006.10.26 21:17 B C:\Altnet\hoc\Index_files\index_hnavbar_b8.gif --> newchinaacupuncture.com.au /httpdocs/Index_files index_hnavbar_b8.gif
2006.10.26 21:17 B C:\Altnet\hoc\Index_files\index_hnavbar_b8_over.gif --> newchinaacupuncture.com.au /httpdocs/Index_files index_hnavbar_b8_over.gif
2006.10.26 21:17 B C:\Altnet\hoc\Index_files\Index_image1.gif --> newchinaacupuncture.com.au /httpdocs/Index_files Index_image1.gif
2006.10.26 21:17 B C:\Altnet\hoc\Index_files\Index_image1.jpg --> newchinaacupuncture.com.au /httpdocs/Index_files Index_image1.jpg
2006.10.26 21:17 B C:\Altnet\hoc\Index_files\Index_image2.jpg --> newchinaacupuncture.com.au /httpdocs/Index_files Index_image2.jpg
2006.10.26 21:17 B C:\Altnet\hoc\Index_files\Index_logo.gif --> newchinaacupuncture.com.au /httpdocs/Index_files Index_logo.gif
2006.10.26 21:17 B C:\Altnet\hoc\Index_files\Index_vnavbar.gif --> newchinaacupuncture.com.au /httpdocs/Index_files Index_vnavbar.gif
2006.10.26 21:18 B C:\Altnet\hoc\Index_files\index_vnavbar.js --> newchinaacupuncture.com.au /httpdocs/Index_files index_vnavbar.js
2006.10.26 21:18 B C:\Altnet\hoc\Index_files\index_vnavbar_b1.gif --> newchinaacupuncture.com.au /httpdocs/Index_files index_vnavbar_b1.gif
2006.10.26 21:18 B C:\Altnet\hoc\Index_files\index_vnavbar_b1_over.gif --> newchinaacupuncture.com.au /httpdocs/Index_files index_vnavbar_b1_over.gif
2006.10.26 21:18 B C:\Altnet\hoc\Index_files\index_vnavbar_b2.gif --> newchinaacupuncture.com.au /httpdocs/Index_files index_vnavbar_b2.gif
2006.10.26 21:18 B C:\Altnet\hoc\Index_files\index_vnavbar_b2_over.gif --> newchinaacupuncture.com.au /httpdocs/Index_files index_vnavbar_b2_over.gif
2006.10.26 21:18 B C:\Altnet\hoc\Index_files\index_vnavbar_b3.gif --> newchinaacupuncture.com.au /httpdocs/Index_files index_vnavbar_b3.gif
2006.10.26 21:18 B C:\Altnet\hoc\Index_files\index_vnavbar_b3_over.gif --> newchinaacupuncture.com.au /httpdocs/Index_files index_vnavbar_b3_over.gif
2006.10.26 21:18 B C:\Altnet\hoc\Index_files\index_vnavbar_b4.gif --> newchinaacupuncture.com.au /httpdocs/Index_files index_vnavbar_b4.gif
2006.10.26 21:18 B C:\Altnet\hoc\Index_files\index_vnavbar_b4_over.gif --> newchinaacupuncture.com.au /httpdocs/Index_files index_vnavbar_b4_over.gif
2006.10.26 21:18 B C:\Altnet\hoc\Index_files\index_vnavbar_b5.gif --> newchinaacupuncture.com.au /httpdocs/Index_files index_vnavbar_b5.gif
2006.10.26 21:18 B C:\Altnet\hoc\Index_files\index_vnavbar_b5_over.gif --> newchinaacupuncture.com.au /httpdocs/Index_files index_vnavbar_b5_over.gif
2006.10.26 21:18 B C:\Altnet\hoc\Index_files\logo.jpg --> newchinaacupuncture.com.au /httpdocs/Index_files logo.jpg
2006.10.26 21:18 B C:\Altnet\hoc\Index_files\Thumbs.db --> newchinaacupuncture.com.au /httpdocs/Index_files Thumbs.db
2006.10.26 21:18 B C:\Altnet\hoc\Index_files\WS_FTP.LOG --> newchinaacupuncture.com.au /httpdocs/Index_files WS_FTP.LOG
2006.10.26 21:18 B C:\Altnet\hoc\Index_files\xaramenu.js --> newchinaacupuncture.com.au /httpdocs/Index_files xaramenu.js
2006.10.27 20:29 B C:\Altnet\hoc\Index_files\Index_bullet.gif --> newchinaacupuncture.com.au /httpdocs/Index_files Index_bullet.gif
2006.10.27 20:29 B C:\Altnet\hoc\Index_files\Index_heading.gif --> newchinaacupuncture.com.au /httpdocs/Index_files Index_heading.gif
2006.10.27 20:29 B C:\Altnet\hoc\Index_files\Index_hnavbar.gif --> newchinaacupuncture.com.au /httpdocs/Index_files Index_hnavbar.gif
2006.10.27 20:29 B C:\Altnet\hoc\Index_files\index_hnavbar.js --> newchinaacupuncture.com.au /httpdocs/Index_files index_hnavbar.js
2006.10.27 20:29 B C:\Altnet\hoc\Index_files\index_hnavbar_b1.gif --> newchinaacupuncture.com.au /httpdocs/Index_files index_hnavbar_b1.gif
2006.10.27 20:29 B C:\Altnet\hoc\Index_files\index_hnavbar_b1_over.gif --> newchinaacupuncture.com.au /httpdocs/Index_files index_hnavbar_b1_over.gif
2006.10.27 20:29 B C:\Altnet\hoc\Index_files\index_hnavbar_b2.gif --> newchinaacupuncture.com.au /httpdocs/Index_files index_hnavbar_b2.gif
2006.10.27 20:29 B C:\Altnet\hoc\Index_files\index_hnavbar_b2_over.gif --> newchinaacupuncture.com.au /httpdocs/Index_files index_hnavbar_b2_over.gif
2006.10.27 20:29 B C:\Altnet\hoc\Index_files\index_hnavbar_b3.gif --> newchinaacupuncture.com.au /httpdocs/Index_files index_hnavbar_b3.gif
2006.10.27 20:29 B C:\Altnet\hoc\Index_files\index_hnavbar_b3_over.gif --> newchinaacupuncture.com.au /httpdocs/Index_files index_hnavbar_b3_over.gif
2006.10.27 20:29 B C:\Altnet\hoc\Index_files\index_hnavbar_b4.gif --> newchinaacupuncture.com.au /httpdocs/Index_files index_hnavbar_b4.gif
2006.10.27 20:29 B C:\Altnet\hoc\Index_files\index_hnavbar_b4_over.gif --> newchinaacupuncture.com.au /httpdocs/Index_files index_hnavbar_b4_over.gif
2006.10.27 20:29 B C:\Altnet\hoc\Index_files\index_hnavbar_b5.gif --> newchinaacupuncture.com.au /httpdocs/Index_files index_hnavbar_b5.gif
2006.10.27 20:29 B C:\Altnet\hoc\Index_files\index_hnavbar_b5_over.gif --> newchinaacupuncture.com.au /httpdocs/Index_files index_hnavbar_b5_over.gif
2006.10.27 20:29 B C:\Altnet\hoc\Index_files\index_hnavbar_b6.gif --> newchinaacupuncture.com.au /httpdocs/Index_files index_hnavbar_b6.gif
2006.10.27 20:29 B C:\Altnet\hoc\Index_files\index_hnavbar_b6_over.gif --> newchinaacupuncture.com.au /httpdocs/Index_files index_hnavbar_b6_over.gif
2006.10.27 20:29 B C:\Altnet\hoc\Index_files\index_hnavbar_b7.gif --> newchinaacupuncture.com.au /httpdocs/Index_files index_hnavbar_b7.gif
2006.10.27 20:29 B C:\Altnet\hoc\Index_files\index_hnavbar_b7_over.gif --> newchinaacupuncture.com.au /httpdocs/Index_files index_hnavbar_b7_over.gif
2006.10.27 20:29 B C:\Altnet\hoc\Index_files\index_hnavbar_b8.gif --> newchinaacupuncture.com.au /httpdocs/Index_files index_hnavbar_b8.gif
2006.10.27 20:29 B C:\Altnet\hoc\Index_files\index_hnavbar_b8_over.gif --> newchinaacupuncture.com.au /httpdocs/Index_files index_hnavbar_b8_over.gif
2006.10.27 20:29 B C:\Altnet\hoc\Index_files\Index_logo.gif --> newchinaacupuncture.com.au /httpdocs/Index_files Index_logo.gif
2006.10.27 20:29 B C:\Altnet\hoc\Index_files\Index_vnavbar.gif --> newchinaacupuncture.com.au /httpdocs/Index_files Index_vnavbar.gif
2006.10.27 20:29 B C:\Altnet\hoc\Index_files\index_vnavbar.js --> newchinaacupuncture.com.au /httpdocs/Index_files index_vnavbar.js
2006.10.27 20:29 B C:\Altnet\hoc\Index_files\index_vnavbar_b1.gif --> newchinaacupuncture.com.au /httpdocs/Index_files index_vnavbar_b1.gif
2006.10.27 20:29 B C:\Altnet\hoc\Index_files\index_vnavbar_b1_over.gif --> newchinaacupuncture.com.au /httpdocs/Index_files index_vnavbar_b1_over.gif
2006.10.27 20:29 B C:\Altnet\hoc\Index_files\index_vnavbar_b2.gif --> newchinaacupuncture.com.au /httpdocs/Index_files index_vnavbar_b2.gif
2006.10.27 20:29 B C:\Altnet\hoc\Index_files\index_vnavbar_b2_over.gif --> newchinaacupuncture.com.au /httpdocs/Index_files index_vnavbar_b2_over.gif
2006.10.27 20:29 B C:\Altnet\hoc\Index_files\index_vnavbar_b3.gif --> newchinaacupuncture.com.au /httpdocs/Index_files index_vnavbar_b3.gif
2006.10.27 20:29 B C:\Altnet\hoc\Index_files\index_vnavbar_b3_over.gif --> newchinaacupuncture.com.au /httpdocs/Index_files index_vnavbar_b3_over.gif
2006.10.27 20:29 B C:\Altnet\hoc\Index_files\index_vnavbar_b4.gif --> newchinaacupuncture.com.au /httpdocs/Index_files index_vnavbar_b4.gif
2006.10.27 20:29 B C:\Altnet\hoc\Index_files\index_vnavbar_b4_over.gif --> newchinaacupuncture.com.au /httpdocs/Index_files index_vnavbar_b4_over.gif
2006.10.27 20:29 B C:\Altnet\hoc\Index_files\index_vnavbar_b5.gif --> newchinaacupuncture.com.au /httpdocs/Index_files index_vnavbar_b5.gif
2006.10.27 20:29 B C:\Altnet\hoc\Index_files\index_vnavbar_b5_over.gif --> newchinaacupuncture.com.au /httpdocs/Index_files index_vnavbar_b5_over.gif
2006.10.27 20:29 B C:\Altnet\hoc\Index_files\Thumbs.db --> newchinaacupuncture.com.au /httpdocs/Index_files Thumbs.db
2006.10.27 20:29 B C:\Altnet\hoc\Index_files\WS_FTP.LOG --> newchinaacupuncture.com.au /httpdocs/Index_files WS_FTP.LOG
2006.10.27 20:31 B C:\Altnet\hoc\Index_files\card1.jpg --> newchinaacupuncture.com.au /httpdocs card1.jpg
2006.10.27 20:31 B C:\Altnet\hoc\Index_files\card2.jpg --> newchinaacupuncture.com.au /httpdocs card2.jpg
2006.10.27 20:31 B C:\Altnet\hoc\Index_files\card3.jpg --> newchinaacupuncture.com.au /httpdocs card3.jpg
2006.10.27 20:31 B C:\Altnet\hoc\Index_files\card4.jpg --> newchinaacupuncture.com.au /httpdocs card4.jpg
2006.10.27 20:31 B C:\Altnet\hoc\Index_files\index.js --> newchinaacupuncture.com.au /httpdocs index.js
2006.10.27 20:31 B C:\Altnet\hoc\Index_files\index_b1.gif --> newchinaacupuncture.com.au /httpdocs index_b1.gif
2006.10.27 20:31 B C:\Altnet\hoc\Index_files\index_b1_over.gif --> newchinaacupuncture.com.au /httpdocs index_b1_over.gif
2006.10.27 20:31 B C:\Altnet\hoc\Index_files\index_b2.gif --> newchinaacupuncture.com.au /httpdocs index_b2.gif
2006.10.27 20:31 B C:\Altnet\hoc\Index_files\index_b2_over.gif --> newchinaacupuncture.com.au /httpdocs index_b2_over.gif
2006.10.27 20:31 B C:\Altnet\hoc\Index_files\index_b3.gif --> newchinaacupuncture.com.au /httpdocs index_b3.gif
2006.10.27 20:31 B C:\Altnet\hoc\Index_files\index_b3_over.gif --> newchinaacupuncture.com.au /httpdocs index_b3_over.gif
2006.10.27 20:31 B C:\Altnet\hoc\Index_files\index_b4.gif --> newchinaacupuncture.com.au /httpdocs index_b4.gif
2006.10.27 20:31 B C:\Altnet\hoc\Index_files\index_b4_over.gif --> newchinaacupuncture.com.au /httpdocs index_b4_over.gif
2006.10.27 20:31 B C:\Altnet\hoc\Index_files\index_b5.gif --> newchinaacupuncture.com.au /httpdocs index_b5.gif
2006.10.27 20:31 B C:\Altnet\hoc\Index_files\index_b5_over.gif --> newchinaacupuncture.com.au /httpdocs index_b5_over.gif
2006.10.27 20:31 B C:\Altnet\hoc\Index_files\index_b6.gif --> newchinaacupuncture.com.au /httpdocs index_b6.gif
2006.10.27 20:31 B C:\Altnet\hoc\Index_files\index_b6_over.gif --> newchinaacupuncture.com.au /httpdocs index_b6_over.gif
2006.10.27 20:31 B C:\Altnet\hoc\Index_files\index_b7.gif --> newchinaacupuncture.com.au /httpdocs index_b7.gif
2006.10.27 20:31 B C:\Altnet\hoc\Index_files\index_b7_over.gif --> newchinaacupuncture.com.au /httpdocs index_b7_over.gif
2006.10.27 20:31 B C:\Altnet\hoc\Index_files\index_b8.gif --> newchinaacupuncture.com.au /httpdocs index_b8.gif
2006.10.27 20:31 B C:\Altnet\hoc\Index_files\index_b8_over.gif --> newchinaacupuncture.com.au /httpdocs index_b8_over.gif
2006.10.27 20:31 B C:\Altnet\hoc\Index_files\Index_bullet.gif --> newchinaacupuncture.com.au /httpdocs Index_bullet.gif
2006.10.27 20:31 B C:\Altnet\hoc\Index_files\Index_heading.gif --> newchinaacupuncture.com.au /httpdocs Index_heading.gif
2006.10.27 20:31 B C:\Altnet\hoc\Index_files\Index_hnavbar.gif --> newchinaacupuncture.com.au /httpdocs Index_hnavbar.gif
2006.10.27 20:31 B C:\Altnet\hoc\Index_files\index_hnavbar.js --> newchinaacupuncture.com.au /httpdocs index_hnavbar.js
2006.10.27 20:31 B C:\Altnet\hoc\Index_files\index_hnavbar_b1.gif --> newchinaacupuncture.com.au /httpdocs index_hnavbar_b1.gif
2006.10.27 20:31 B C:\Altnet\hoc\Index_files\index_hnavbar_b1_over.gif --> newchinaacupuncture.com.au /httpdocs index_hnavbar_b1_over.gif
2006.10.27 20:31 B C:\Altnet\hoc\Index_files\index_hnavbar_b2.gif --> newchinaacupuncture.com.au /httpdocs index_hnavbar_b2.gif
2006.10.27 20:31 B C:\Altnet\hoc\Index_files\index_hnavbar_b2_over.gif --> newchinaacupuncture.com.au /httpdocs index_hnavbar_b2_over.gif
2006.10.27 20:31 B C:\Altnet\hoc\Index_files\index_hnavbar_b3.gif --> newchinaacupuncture.com.au /httpdocs index_hnavbar_b3.gif
2006.10.27 20:31 B C:\Altnet\hoc\Index_files\index_hnavbar_b3_over.gif --> newchinaacupuncture.com.au /httpdocs index_hnavbar_b3_over.gif
2006.10.27 20:31 B C:\Altnet\hoc\Index_files\index_hnavbar_b4.gif --> newchinaacupuncture.com.au /httpdocs index_hnavbar_b4.gif
2006.10.27 20:31 B C:\Altnet\hoc\Index_files\index_hnavbar_b4_over.gif --> newchinaacupuncture.com.au /httpdocs index_hnavbar_b4_over.gif
2006.10.27 20:31 B C:\Altnet\hoc\Index_files\index_hnavbar_b5.gif --> newchinaacupuncture.com.au /httpdocs index_hnavbar_b5.gif
2006.10.27 20:31 B C:\Altnet\hoc\Index_files\index_hnavbar_b5_over.gif --> newchinaacupuncture.com.au /httpdocs index_hnavbar_b5_over.gif
2006.10.27 20:31 B C:\Altnet\hoc\Index_files\index_hnavbar_b6.gif --> newchinaacupuncture.com.au /httpdocs index_hnavbar_b6.gif
2006.10.27 20:31 B C:\Altnet\hoc\Index_files\index_hnavbar_b6_over.gif --> newchinaacupuncture.com.au /httpdocs index_hnavbar_b6_over.gif
2006.10.27 20:31 B C:\Altnet\hoc\Index_files\index_hnavbar_b7.gif --> newchinaacupuncture.com.au /httpdocs index_hnavbar_b7.gif
2006.10.27 20:31 B C:\Altnet\hoc\Index_files\index_hnavbar_b7_over.gif --> newchinaacupuncture.com.au /httpdocs index_hnavbar_b7_over.gif
2006.10.27 20:31 B C:\Altnet\hoc\Index_files\index_hnavbar_b8.gif --> newchinaacupuncture.com.au /httpdocs index_hnavbar_b8.gif
2006.10.27 20:31 B C:\Altnet\hoc\Index_files\index_hnavbar_b8_over.gif --> newchinaacupuncture.com.au /httpdocs index_hnavbar_b8_over.gif
2006.10.27 20:31 B C:\Altnet\hoc\Index_files\Index_image1.gif --> newchinaacupuncture.com.au /httpdocs Index_image1.gif
2006.10.27 20:31 B C:\Altnet\hoc\Index_files\Index_image1.jpg --> newchinaacupuncture.com.au /httpdocs Index_image1.jpg
2006.10.27 20:31 B C:\Altnet\hoc\Index_files\Index_image2.jpg --> newchinaacupuncture.com.au /httpdocs Index_image2.jpg
2006.10.27 20:31 B C:\Altnet\hoc\Index_files\Index_logo.gif --> newchinaacupuncture.com.au /httpdocs Index_logo.gif
2006.10.27 20:31 B C:\Altnet\hoc\Index_files\Index_vnavbar.gif --> newchinaacupuncture.com.au /httpdocs Index_vnavbar.gif
2006.10.27 20:31 B C:\Altnet\hoc\Index_files\index_vnavbar.js --> newchinaacupuncture.com.au /httpdocs index_vnavbar.js
2006.10.27 20:31 B C:\Altnet\hoc\Index_files\index_vnavbar_b1.gif --> newchinaacupuncture.com.au /httpdocs index_vnavbar_b1.gif
2006.10.27 20:31 B C:\Altnet\hoc\Index_files\index_vnavbar_b1_over.gif --> newchinaacupuncture.com.au /httpdocs index_vnavbar_b1_over.gif
2006.10.27 20:31 B C:\Altnet\hoc\Index_files\index_vnavbar_b2.gif --> newchinaacupuncture.com.au /httpdocs index_vnavbar_b2.gif
2006.10.27 20:31 B C:\Altnet\hoc\Index_files\index_vnavbar_b2_over.gif --> newchinaacupuncture.com.au /httpdocs index_vnavbar_b2_over.gif
2006.10.27 20:31 B C:\Altnet\hoc\Index_files\index_vnavbar_b3.gif --> newchinaacupuncture.com.au /httpdocs index_vnavbar_b3.gif
2006.10.27 20:31 B C:\Altnet\hoc\Index_files\index_vnavbar_b3_over.gif --> newchinaacupuncture.com.au /httpdocs index_vnavbar_b3_over.gif
2006.10.27 20:31 B C:\Altnet\hoc\Index_files\index_vnavbar_b4.gif --> newchinaacupuncture.com.au /httpdocs index_vnavbar_b4.gif
2006.10.27 20:31 B C:\Altnet\hoc\Index_files\index_vnavbar_b4_over.gif --> newchinaacupuncture.com.au /httpdocs index_vnavbar_b4_over.gif
2006.10.27 20:31 B C:\Altnet\hoc\Index_files\index_vnavbar_b5.gif --> newchinaacupuncture.com.au /httpdocs index_vnavbar_b5.gif
2006.10.27 20:31 B C:\Altnet\hoc\Index_files\index_vnavbar_b5_over.gif --> newchinaacupuncture.com.au /httpdocs index_vnavbar_b5_over.gif
2006.10.27 20:31 B C:\Altnet\hoc\Index_files\logo.jpg --> newchinaacupuncture.com.au /httpdocs logo.jpg
2006.10.27 20:31 B C:\Altnet\hoc\Index_files\Thumbs.db --> newchinaacupuncture.com.au /httpdocs Thumbs.db
2006.10.27 20:32 B C:\Altnet\hoc\Index_files\WS_FTP.LOG --> newchinaacupuncture.com.au /httpdocs WS_FTP.LOG
2006.10.27 20:32 B C:\Altnet\hoc\Index_files\xaramenu.js --> newchinaacupuncture.com.au /httpdocs xaramenu.js
2006.10.27 20:41 B C:\Altnet\hoc\Index_files\card1.jpg --> newchinaacupuncture.com.au /httpdocs/Index_files card1.jpg
2006.10.27 20:42 B C:\Altnet\hoc\Index_files\card2(TN).jpg --> newchinaacupuncture.com.au /httpdocs/Index_files card2(TN).jpg
2006.10.27 20:42 B C:\Altnet\hoc\Index_files\card2.jpg --> newchinaacupuncture.com.au /httpdocs/Index_files card2.jpg
2006.10.27 20:42 B C:\Altnet\hoc\Index_files\card3.jpg --> newchinaacupuncture.com.au /httpdocs/Index_files card3.jpg
2006.10.27 20:42 B C:\Altnet\hoc\Index_files\card4.jpg --> newchinaacupuncture.com.au /httpdocs/Index_files card4.jpg
2006.10.27 20:42 B C:\Altnet\hoc\Index_files\index.js --> newchinaacupuncture.com.au /httpdocs/Index_files index.js
2006.10.27 20:42 B C:\Altnet\hoc\Index_files\index_b1.gif --> newchinaacupuncture.com.au /httpdocs/Index_files index_b1.gif
2006.10.27 20:42 B C:\Altnet\hoc\Index_files\index_b1_over.gif --> newchinaacupuncture.com.au /httpdocs/Index_files index_b1_over.gif
2006.10.27 20:42 B C:\Altnet\hoc\Index_files\index_b2.gif --> newchinaacupuncture.com.au /httpdocs/Index_files index_b2.gif
2006.10.27 20:42 B C:\Altnet\hoc\Index_files\index_b2_over.gif --> newchinaacupuncture.com.au /httpdocs/Index_files index_b2_over.gif
2006.10.27 20:42 B C:\Altnet\hoc\Index_files\index_b3.gif --> newchinaacupuncture.com.au /httpdocs/Index_files index_b3.gif
2006.10.27 20:42 B C:\Altnet\hoc\Index_files\index_b3_over.gif --> newchinaacupuncture.com.au /httpdocs/Index_files index_b3_over.gif
2006.10.27 20:42 B C:\Altnet\hoc\Index_files\index_b4.gif --> newchinaacupuncture.com.au /httpdocs/Index_files index_b4.gif
2006.10.27 20:42 B C:\Altnet\hoc\Index_files\index_b4_over.gif --> newchinaacupuncture.com.au /httpdocs/Index_files index_b4_over.gif
2006.10.27 20:42 B C:\Altnet\hoc\Index_files\index_b5.gif --> newchinaacupuncture.com.au /httpdocs/Index_files index_b5.gif
2006.10.27 20:42 B C:\Altnet\hoc\Index_files\index_b5_over.gif --> newchinaacupuncture.com.au /httpdocs/Index_files index_b5_over.gif
2006.10.27 20:42 B C:\Altnet\hoc\Index_files\index_b6.gif --> newchinaacupuncture.com.au /httpdocs/Index_files index_b6.gif
2006.10.27 20:42 B C:\Altnet\hoc\Index_files\index_b6_over.gif --> newchinaacupuncture.com.au /httpdocs/Index_files index_b6_over.gif
2006.10.27 20:42 B C:\Altnet\hoc\Index_files\index_b7.gif --> newchinaacupuncture.com.au /httpdocs/Index_files index_b7.gif
2006.10.27 20:42 B C:\Altnet\hoc\Index_files\index_b7_over.gif --> newchinaacupuncture.com.au /httpdocs/Index_files index_b7_over.gif
2006.10.27 20:42 B C:\Altnet\hoc\Index_files\index_b8.gif --> newchinaacupuncture.com.au /httpdocs/Index_files index_b8.gif
2006.10.27 20:42 B C:\Altnet\hoc\Index_files\index_b8_over.gif --> newchinaacupuncture.com.au /httpdocs/Index_files index_b8_over.gif
2006.10.27 20:42 B C:\Altnet\hoc\Index_files\Index_bullet.gif --> newchinaacupuncture.com.au /httpdocs/Index_files Index_bullet.gif
2006.10.27 20:42 B C:\Altnet\hoc\Index_files\Index_heading.gif --> newchinaacupuncture.com.au /httpdocs/Index_files Index_heading.gif
2006.10.27 20:42 B C:\Altnet\hoc\Index_files\Index_hnavbar.gif --> newchinaacupuncture.com.au /httpdocs/Index_files Index_hnavbar.gif
2006.10.27 20:42 B C:\Altnet\hoc\Index_files\index_hnavbar.js --> newchinaacupuncture.com.au /httpdocs/Index_files index_hnavbar.js
2006.10.27 20:42 B C:\Altnet\hoc\Index_files\index_hnavbar_b1.gif --> newchinaacupuncture.com.au /httpdocs/Index_files index_hnavbar_b1.gif
2006.10.27 20:42 B C:\Altnet\hoc\Index_files\index_hnavbar_b1_over.gif --> newchinaacupuncture.com.au /httpdocs/Index_files index_hnavbar_b1_over.gif
2006.10.27 20:42 B C:\Altnet\hoc\Index_files\index_hnavbar_b2.gif --> newchinaacupuncture.com.au /httpdocs/Index_files index_hnavbar_b2.gif
2006.10.27 20:42 B C:\Altnet\hoc\Index_files\index_hnavbar_b2_over.gif --> newchinaacupuncture.com.au /httpdocs/Index_files index_hnavbar_b2_over.gif
2006.10.27 20:42 B C:\Altnet\hoc\Index_files\index_hnavbar_b3.gif --> newchinaacupuncture.com.au /httpdocs/Index_files index_hnavbar_b3.gif
2006.10.27 20:42 B C:\Altnet\hoc\Index_files\index_hnavbar_b3_over.gif --> newchinaacupuncture.com.au /httpdocs/Index_files index_hnavbar_b3_over.gif
2006.10.27 20:42 B C:\Altnet\hoc\Index_files\index_hnavbar_b4.gif --> newchinaacupuncture.com.au /httpdocs/Index_files index_hnavbar_b4.gif
2006.10.27 20:42 B C:\Altnet\hoc\Index_files\index_hnavbar_b4_over.gif --> newchinaacupuncture.com.au /httpdocs/Index_files index_hnavbar_b4_over.gif
2006.10.27 20:42 B C:\Altnet\hoc\Index_files\index_hnavbar_b5.gif --> newchinaacupuncture.com.au /httpdocs/Index_files index_hnavbar_b5.gif
2006.10.27 20:42 B C:\Altnet\hoc\Index_files\index_hnavbar_b5_over.gif --> newchinaacupuncture.com.au /httpdocs/Index_files index_hnavbar_b5_over.gif
2006.10.27 20:42 B C:\Altnet\hoc\Index_files\index_hnavbar_b6.gif --> newchinaacupuncture.com.au /httpdocs/Index_files index_hnavbar_b6.gif
2006.10.27 20:42 B C:\Altnet\hoc\Index_files\index_hnavbar_b6_over.gif --> newchinaacupuncture.com.au /httpdocs/Index_files index_hnavbar_b6_over.gif
2006.10.27 20:42 B C:\Altnet\hoc\Index_files\index_hnavbar_b7.gif --> newchinaacupuncture.com.au /httpdocs/Index_files index_hnavbar_b7.gif
2006.10.27 20:42 B C:\Altnet\hoc\Index_files\index_hnavbar_b7_over.gif --> newchinaacupuncture.com.au /httpdocs/Index_files index_hnavbar_b7_over.gif
2006.10.27 20:42 B C:\Altnet\hoc\Index_files\index_hnavbar_b8.gif --> newchinaacupuncture.com.au /httpdocs/Index_files index_hnavbar_b8.gif
2006.10.27 20:42 B C:\Altnet\hoc\Index_files\index_hnavbar_b8_over.gif --> newchinaacupuncture.com.au /httpdocs/Index_files index_hnavbar_b8_over.gif
2006.10.27 20:42 B C:\Altnet\hoc\Index_files\Index_image1.gif --> newchinaacupuncture.com.au /httpdocs/Index_files Index_image1.gif
2006.10.27 20:42 B C:\Altnet\hoc\Index_files\Index_image1.jpg --> newchinaacupuncture.com.au /httpdocs/Index_files Index_image1.jpg
2006.10.27 20:42 B C:\Altnet\hoc\Index_files\Index_image2.jpg --> newchinaacupuncture.com.au /httpdocs/Index_files Index_image2.jpg
2006.10.27 20:42 B C:\Altnet\hoc\Index_files\Index_logo.gif --> newchinaacupuncture.com.au /httpdocs/Index_files Index_logo.gif
2006.10.27 20:42 B C:\Altnet\hoc\Index_files\Index_vnavbar.gif --> newchinaacupuncture.com.au /httpdocs/Index_files Index_vnavbar.gif
2006.10.27 20:42 B C:\Altnet\hoc\Index_files\index_vnavbar.js --> newchinaacupuncture.com.au /httpdocs/Index_files index_vnavbar.js
2006.10.27 20:42 B C:\Altnet\hoc\Index_files\index_vnavbar_b1.gif --> newchinaacupuncture.com.au /httpdocs/Index_files index_vnavbar_b1.gif
2006.10.27 20:42 B C:\Altnet\hoc\Index_files\index_vnavbar_b1_over.gif --> newchinaacupuncture.com.au /httpdocs/Index_files index_vnavbar_b1_over.gif
2006.10.27 20:42 B C:\Altnet\hoc\Index_files\index_vnavbar_b2.gif --> newchinaacupuncture.com.au /httpdocs/Index_files index_vnavbar_b2.gif
2006.10.27 20:42 B C:\Altnet\hoc\Index_files\index_vnavbar_b2_over.gif --> newchinaacupuncture.com.au /httpdocs/Index_files index_vnavbar_b2_over.gif
2006.10.27 20:42 B C:\Altnet\hoc\Index_files\index_vnavbar_b3.gif --> newchinaacupuncture.com.au /httpdocs/Index_files index_vnavbar_b3.gif
2006.10.27 20:42 B C:\Altnet\hoc\Index_files\index_vnavbar_b3_over.gif --> newchinaacupuncture.com.au /httpdocs/Index_files index_vnavbar_b3_over.gif
2006.10.27 20:42 B C:\Altnet\hoc\Index_files\index_vnavbar_b4.gif --> newchinaacupuncture.com.au /httpdocs/Index_files index_vnavbar_b4.gif
2006.10.27 20:42 B C:\Altnet\hoc\Index_files\index_vnavbar_b4_over.gif --> newchinaacupuncture.com.au /httpdocs/Index_files index_vnavbar_b4_over.gif
2006.10.27 20:42 B C:\Altnet\hoc\Index_files\index_vnavbar_b5.gif --> newchinaacupuncture.com.au /httpdocs/Index_files index_vnavbar_b5.gif
2006.10.27 20:42 B C:\Altnet\hoc\Index_files\index_vnavbar_b5_over.gif --> newchinaacupuncture.com.au /httpdocs/Index_files index_vnavbar_b5_over.gif
2006.10.27 20:42 B C:\Altnet\hoc\Index_files\logo.jpg --> newchinaacupuncture.com.au /httpdocs/Index_files logo.jpg
2006.10.27 20:42 B C:\Altnet\hoc\Index_files\Thumbs.db --> newchinaacupuncture.com.au /httpdocs/Index_files Thumbs.db
2006.10.27 20:42 B C:\Altnet\hoc\Index_files\WS_FTP.LOG --> newchinaacupuncture.com.au /httpdocs/Index_files WS_FTP.LOG
2006.10.27 20:42 B C:\Altnet\hoc\Index_files\xaramenu.js --> newchinaacupuncture.com.au /httpdocs/Index_files xaramenu.js
2006.10.27 20:51 B C:\Altnet\hoc\Index_files\index.js --> newchinaacupuncture.com.au /httpdocs index.js
2006.10.27 20:51 B C:\Altnet\hoc\Index_files\index_b1.gif --> newchinaacupuncture.com.au /httpdocs index_b1.gif
2006.10.27 20:51 B C:\Altnet\hoc\Index_files\index_b1_over.gif --> newchinaacupuncture.com.au /httpdocs index_b1_over.gif
2006.10.27 20:51 B C:\Altnet\hoc\Index_files\index_b2.gif --> newchinaacupuncture.com.au /httpdocs index_b2.gif
2006.10.27 20:51 B C:\Altnet\hoc\Index_files\index_b2_over.gif --> newchinaacupuncture.com.au /httpdocs index_b2_over.gif
2006.10.27 20:51 B C:\Altnet\hoc\Index_files\index_b3.gif --> newchinaacupuncture.com.au /httpdocs index_b3.gif
2006.10.27 20:51 B C:\Altnet\hoc\Index_files\index_b3_over.gif --> newchinaacupuncture.com.au /httpdocs index_b3_over.gif
2006.10.27 20:51 B C:\Altnet\hoc\Index_files\index_b4.gif --> newchinaacupuncture.com.au /httpdocs index_b4.gif
2006.10.27 20:51 B C:\Altnet\hoc\Index_files\index_b4_over.gif --> newchinaacupuncture.com.au /httpdocs index_b4_over.gif
2006.10.27 20:51 B C:\Altnet\hoc\Index_files\index_b5.gif --> newchinaacupuncture.com.au /httpdocs index_b5.gif
2006.10.27 20:51 B C:\Altnet\hoc\Index_files\index_b5_over.gif --> newchinaacupuncture.com.au /httpdocs index_b5_over.gif
2006.10.27 20:51 B C:\Altnet\hoc\Index_files\index_b6.gif --> newchinaacupuncture.com.au /httpdocs index_b6.gif
2006.10.27 20:51 B C:\Altnet\hoc\Index_files\index_b6_over.gif --> newchinaacupuncture.com.au /httpdocs index_b6_over.gif
2006.10.27 20:51 B C:\Altnet\hoc\Index_files\index_b7.gif --> newchinaacupuncture.com.au /httpdocs index_b7.gif
2006.10.27 20:51 B C:\Altnet\hoc\Index_files\index_b7_over.gif --> newchinaacupuncture.com.au /httpdocs index_b7_over.gif
2006.10.27 20:51 B C:\Altnet\hoc\Index_files\index_b8.gif --> newchinaacupuncture.com.au /httpdocs index_b8.gif
2006.10.27 20:51 B C:\Altnet\hoc\Index_files\index_b8_over.gif --> newchinaacupuncture.com.au /httpdocs index_b8_over.gif
2006.10.27 20:51 B C:\Altnet\hoc\Index_files\Index_bullet.gif --> newchinaacupuncture.com.au /httpdocs Index_bullet.gif
2006.10.27 20:51 B C:\Altnet\hoc\Index_files\Index_heading.gif --> newchinaacupuncture.com.au /httpdocs Index_heading.gif
2006.10.27 20:51 B C:\Altnet\hoc\Index_files\Index_hnavbar.gif --> newchinaacupuncture.com.au /httpdocs Index_hnavbar.gif
2006.10.27 20:51 B C:\Altnet\hoc\Index_files\index_hnavbar.js --> newchinaacupuncture.com.au /httpdocs index_hnavbar.js
2006.10.27 20:51 B C:\Altnet\hoc\Index_files\index_hnavbar_b1.gif --> newchinaacupuncture.com.au /httpdocs index_hnavbar_b1.gif
2006.10.27 20:51 B C:\Altnet\hoc\Index_files\index_hnavbar_b1_over.gif --> newchinaacupuncture.com.au /httpdocs index_hnavbar_b1_over.gif
2006.10.27 20:51 B C:\Altnet\hoc\Index_files\index_hnavbar_b2.gif --> newchinaacupuncture.com.au /httpdocs index_hnavbar_b2.gif
2006.10.27 20:52 B C:\Altnet\hoc\Index_files\index_hnavbar_b2_over.gif --> newchinaacupuncture.com.au /httpdocs index_hnavbar_b2_over.gif
2006.10.27 20:52 B C:\Altnet\hoc\Index_files\index_hnavbar_b3.gif --> newchinaacupuncture.com.au /httpdocs index_hnavbar_b3.gif
2006.10.27 20:52 B C:\Altnet\hoc\Index_files\index_hnavbar_b3_over.gif --> newchinaacupuncture.com.au /httpdocs index_hnavbar_b3_over.gif
2006.10.27 20:52 B C:\Altnet\hoc\Index_files\index_hnavbar_b4.gif --> newchinaacupuncture.com.au /httpdocs index_hnavbar_b4.gif
2006.10.27 20:52 B C:\Altnet\hoc\Index_files\index_hnavbar_b4_over.gif --> newchinaacupuncture.com.au /httpdocs index_hnavbar_b4_over.gif
2006.10.27 20:52 B C:\Altnet\hoc\Index_files\index_hnavbar_b5.gif --> newchinaacupuncture.com.au /httpdocs index_hnavbar_b5.gif
2006.10.27 20:52 B C:\Altnet\hoc\Index_files\index_hnavbar_b5_over.gif --> newchinaacupuncture.com.au /httpdocs index_hnavbar_b5_over.gif
2006.10.27 20:52 B C:\Altnet\hoc\Index_files\index_hnavbar_b6.gif --> newchinaacupuncture.com.au /httpdocs index_hnavbar_b6.gif
2006.10.27 20:52 B C:\Altnet\hoc\Index_files\index_hnavbar_b6_over.gif --> newchinaacupuncture.com.au /httpdocs index_hnavbar_b6_over.gif
2006.10.27 20:52 B C:\Altnet\hoc\Index_files\index_hnavbar_b7.gif --> newchinaacupuncture.com.au /httpdocs index_hnavbar_b7.gif
2006.10.27 20:52 B C:\Altnet\hoc\Index_files\index_hnavbar_b7_over.gif --> newchinaacupuncture.com.au /httpdocs index_hnavbar_b7_over.gif
2006.10.27 20:52 B C:\Altnet\hoc\Index_files\index_hnavbar_b8.gif --> newchinaacupuncture.com.au /httpdocs index_hnavbar_b8.gif
2006.10.27 20:52 B C:\Altnet\hoc\Index_files\index_hnavbar_b8_over.gif --> newchinaacupuncture.com.au /httpdocs index_hnavbar_b8_over.gif
2006.10.27 20:52 B C:\Altnet\hoc\Index_files\Index_image1.gif --> newchinaacupuncture.com.au /httpdocs Index_image1.gif
2006.10.27 20:52 B C:\Altnet\hoc\Index_files\Index_image1.jpg --> newchinaacupuncture.com.au /httpdocs Index_image1.jpg
2006.10.27 20:52 B C:\Altnet\hoc\Index_files\Index_image2.jpg --> newchinaacupuncture.com.au /httpdocs Index_image2.jpg
2006.10.27 20:52 B C:\Altnet\hoc\Index_files\Index_logo.gif --> newchinaacupuncture.com.au /httpdocs Index_logo.gif
2006.10.27 20:52 B C:\Altnet\hoc\Index_files\Index_vnavbar.gif --> newchinaacupuncture.com.au /httpdocs Index_vnavbar.gif
2006.10.27 20:52 B C:\Altnet\hoc\Index_files\index_vnavbar.js --> newchinaacupuncture.com.au /httpdocs index_vnavbar.js
2006.10.27 20:52 B C:\Altnet\hoc\Index_files\index_vnavbar_b1.gif --> newchinaacupuncture.com.au /httpdocs index_vnavbar_b1.gif
2006.10.27 20:52 B C:\Altnet\hoc\Index_files\index_vnavbar_b1_over.gif --> newchinaacupuncture.com.au /httpdocs index_vnavbar_b1_over.gif
2006.10.27 20:52 B C:\Altnet\hoc\Index_files\index_vnavbar_b2.gif --> newchinaacupuncture.com.au /httpdocs index_vnavbar_b2.gif
2006.10.27 20:52 B C:\Altnet\hoc\Index_files\index_vnavbar_b2_over.gif --> newchinaacupuncture.com.au /httpdocs index_vnavbar_b2_over.gif
2006.10.27 20:52 B C:\Altnet\hoc\Index_files\index_vnavbar_b3.gif --> newchinaacupuncture.com.au /httpdocs index_vnavbar_b3.gif
2006.10.27 20:52 B C:\Altnet\hoc\Index_files\index_vnavbar_b3_over.gif --> newchinaacupuncture.com.au /httpdocs index_vnavbar_b3_over.gif
2006.10.27 20:52 B C:\Altnet\hoc\Index_files\index_vnavbar_b4.gif --> newchinaacupuncture.com.au /httpdocs index_vnavbar_b4.gif
2006.10.27 20:52 B C:\Altnet\hoc\Index_files\index_vnavbar_b4_over.gif --> newchinaacupuncture.com.au /httpdocs index_vnavbar_b4_over.gif
2006.10.27 20:52 B C:\Altnet\hoc\Index_files\index_vnavbar_b5.gif --> newchinaacupuncture.com.au /httpdocs index_vnavbar_b5.gif
2006.10.27 20:52 B C:\Altnet\hoc\Index_files\index_vnavbar_b5_over.gif --> newchinaacupuncture.com.au /httpdocs index_vnavbar_b5_over.gif
2006.10.27 20:52 B C:\Altnet\hoc\Index_files\logo.jpg --> newchinaacupuncture.com.au /httpdocs logo.jpg
2006.10.27 20:52 B C:\Altnet\hoc\Index_files\Thumbs.db --> newchinaacupuncture.com.au /httpdocs Thumbs.db
2006.10.27 20:52 B C:\Altnet\hoc\Index_files\WS_FTP.LOG --> newchinaacupuncture.com.au /httpdocs WS_FTP.LOG
2006.10.27 20:52 B C:\Altnet\hoc\Index_files\xaramenu.js --> newchinaacupuncture.com.au /httpdocs xaramenu.js
2006.10.28 09:32 B C:\Altnet\hoc\index_files\Index_bullet.gif --> newchinaacupuncture.com.au /httpdocs/index_files Index_bullet.gif
2006.10.28 09:32 B C:\Altnet\hoc\index_files\Index_heading.gif --> newchinaacupuncture.com.au /httpdocs/index_files Index_heading.gif
2006.10.28 09:32 B C:\Altnet\hoc\index_files\Index_hnavbar.gif --> newchinaacupuncture.com.au /httpdocs/index_files Index_hnavbar.gif
2006.10.28 09:32 B C:\Altnet\hoc\index_files\index_hnavbar.js --> newchinaacupuncture.com.au /httpdocs/index_files index_hnavbar.js
2006.10.28 09:32 B C:\Altnet\hoc\index_files\index_hnavbar_b1.gif --> newchinaacupuncture.com.au /httpdocs/index_files index_hnavbar_b1.gif
2006.10.28 09:32 B C:\Altnet\hoc\index_files\index_hnavbar_b1_over.gif --> newchinaacupuncture.com.au /httpdocs/index_files index_hnavbar_b1_over.gif
2006.10.28 09:32 B C:\Altnet\hoc\index_files\index_hnavbar_b2.gif --> newchinaacupuncture.com.au /httpdocs/index_files index_hnavbar_b2.gif
2006.10.28 09:32 B C:\Altnet\hoc\index_files\index_hnavbar_b2_over.gif --> newchinaacupuncture.com.au /httpdocs/index_files index_hnavbar_b2_over.gif
2006.10.28 09:32 B C:\Altnet\hoc\index_files\index_hnavbar_b3.gif --> newchinaacupuncture.com.au /httpdocs/index_files index_hnavbar_b3.gif
2006.10.28 09:32 B C:\Altnet\hoc\index_files\index_hnavbar_b3_over.gif --> newchinaacupuncture.com.au /httpdocs/index_files index_hnavbar_b3_over.gif
2006.10.28 09:32 B C:\Altnet\hoc\index_files\index_hnavbar_b4.gif --> newchinaacupuncture.com.au /httpdocs/index_files index_hnavbar_b4.gif
2006.10.28 09:32 B C:\Altnet\hoc\index_files\index_hnavbar_b4_over.gif --> newchinaacupuncture.com.au /httpdocs/index_files index_hnavbar_b4_over.gif
2006.10.28 09:32 B C:\Altnet\hoc\index_files\index_hnavbar_b5.gif --> newchinaacupuncture.com.au /httpdocs/index_files index_hnavbar_b5.gif
2006.10.28 09:32 B C:\Altnet\hoc\index_files\index_hnavbar_b5_over.gif --> newchinaacupuncture.com.au /httpdocs/index_files index_hnavbar_b5_over.gif
2006.10.28 09:32 B C:\Altnet\hoc\index_files\index_hnavbar_b6.gif --> newchinaacupuncture.com.au /httpdocs/index_files index_hnavbar_b6.gif
2006.10.28 09:32 B C:\Altnet\hoc\index_files\index_hnavbar_b6_over.gif --> newchinaacupuncture.com.au /httpdocs/index_files index_hnavbar_b6_over.gif
2006.10.28 09:32 B C:\Altnet\hoc\index_files\index_hnavbar_b7.gif --> newchinaacupuncture.com.au /httpdocs/index_files index_hnavbar_b7.gif
2006.10.28 09:32 B C:\Altnet\hoc\index_files\index_hnavbar_b7_over.gif --> newchinaacupuncture.com.au /httpdocs/index_files index_hnavbar_b7_over.gif
2006.10.28 09:32 B C:\Altnet\hoc\index_files\index_hnavbar_b8.gif --> newchinaacupuncture.com.au /httpdocs/index_files index_hnavbar_b8.gif
2006.10.28 09:32 B C:\Altnet\hoc\index_files\index_hnavbar_b8_over.gif --> newchinaacupuncture.com.au /httpdocs/index_files index_hnavbar_b8_over.gif
2006.10.28 09:32 B C:\Altnet\hoc\index_files\Index_logo.gif --> newchinaacupuncture.com.au /httpdocs/index_files Index_logo.gif
2006.10.28 09:33 B C:\Altnet\hoc\index_files\Index_vnavbar.gif --> newchinaacupuncture.com.au /httpdocs/index_files Index_vnavbar.gif
2006.10.28 09:33 B C:\Altnet\hoc\index_files\index_vnavbar.js --> newchinaacupuncture.com.au /httpdocs/index_files index_vnavbar.js
2006.10.28 09:33 B C:\Altnet\hoc\index_files\index_vnavbar_b1.gif --> newchinaacupuncture.com.au /httpdocs/index_files index_vnavbar_b1.gif
2006.10.28 09:33 B C:\Altnet\hoc\index_files\index_vnavbar_b1_over.gif --> newchinaacupuncture.com.au /httpdocs/index_files index_vnavbar_b1_over.gif
2006.10.28 09:33 B C:\Altnet\hoc\index_files\index_vnavbar_b2.gif --> newchinaacupuncture.com.au /httpdocs/index_files index_vnavbar_b2.gif
2006.10.28 09:33 B C:\Altnet\hoc\index_files\index_vnavbar_b2_over.gif --> newchinaacupuncture.com.au /httpdocs/index_files index_vnavbar_b2_over.gif
2006.10.28 09:33 B C:\Altnet\hoc\index_files\index_vnavbar_b3.gif --> newchinaacupuncture.com.au /httpdocs/index_files index_vnavbar_b3.gif
2006.10.28 09:33 B C:\Altnet\hoc\index_files\index_vnavbar_b3_over.gif --> newchinaacupuncture.com.au /httpdocs/index_files index_vnavbar_b3_over.gif
2006.10.28 09:33 B C:\Altnet\hoc\index_files\index_vnavbar_b4.gif --> newchinaacupuncture.com.au /httpdocs/index_files index_vnavbar_b4.gif
2006.10.28 09:33 B C:\Altnet\hoc\index_files\index_vnavbar_b4_over.gif --> newchinaacupuncture.com.au /httpdocs/index_files index_vnavbar_b4_over.gif
2006.10.28 09:33 B C:\Altnet\hoc\index_files\index_vnavbar_b5.gif --> newchinaacupuncture.com.au /httpdocs/index_files index_vnavbar_b5.gif
2006.10.28 09:33 B C:\Altnet\hoc\index_files\index_vnavbar_b5_over.gif --> newchinaacupuncture.com.au /httpdocs/index_files index_vnavbar_b5_over.gif
2006.10.28 09:33 B C:\Altnet\hoc\index_files\WS_FTP.LOG --> newchinaacupuncture.com.au /httpdocs/index_files WS_FTP.LOG
2006.10.28 09:39 B C:\Altnet\hoc\index_files\Acu.htm --> newchinaacupuncture.com.au /httpdocs/index_files Acu.htm
2006.10.28 09:39 B C:\Altnet\hoc\index_files\Conditions.htm --> newchinaacupuncture.com.au /httpdocs/index_files Conditions.htm
2006.10.28 09:39 B C:\Altnet\hoc\index_files\Faq.htm --> newchinaacupuncture.com.au /httpdocs/index_files Faq.htm
2006.10.28 09:39 B C:\Altnet\hoc\index_files\Herbs.htm --> newchinaacupuncture.com.au /httpdocs/index_files Herbs.htm
2006.10.28 09:39 B C:\Altnet\hoc\index_files\Hoc.htm --> newchinaacupuncture.com.au /httpdocs/index_files Hoc.htm
2006.10.28 09:39 B C:\Altnet\hoc\index_files\index.html --> newchinaacupuncture.com.au /httpdocs/index_files index.html
2006.10.28 09:39 B C:\Altnet\hoc\index_files\Index_hnavbar.html --> newchinaacupuncture.com.au /httpdocs/index_files Index_hnavbar.html
2006.10.28 09:39 B C:\Altnet\hoc\index_files\index_hnavbar.js --> newchinaacupuncture.com.au /httpdocs/index_files index_hnavbar.js
2006.10.28 09:39 B C:\Altnet\hoc\index_files\index_hnavbar_b1.gif --> newchinaacupuncture.com.au /httpdocs/index_files index_hnavbar_b1.gif
2006.10.28 09:39 B C:\Altnet\hoc\index_files\index_hnavbar_b1_over.gif --> newchinaacupuncture.com.au /httpdocs/index_files index_hnavbar_b1_over.gif
2006.10.28 09:39 B C:\Altnet\hoc\index_files\index_hnavbar_b2.gif --> newchinaacupuncture.com.au /httpdocs/index_files index_hnavbar_b2.gif
2006.10.28 09:39 B C:\Altnet\hoc\index_files\index_hnavbar_b2_over.gif --> newchinaacupuncture.com.au /httpdocs/index_files index_hnavbar_b2_over.gif
2006.10.28 09:39 B C:\Altnet\hoc\index_files\index_hnavbar_b3.gif --> newchinaacupuncture.com.au /httpdocs/index_files index_hnavbar_b3.gif
2006.10.28 09:39 B C:\Altnet\hoc\index_files\index_hnavbar_b3_over.gif --> newchinaacupuncture.com.au /httpdocs/index_files index_hnavbar_b3_over.gif
2006.10.28 09:39 B C:\Altnet\hoc\index_files\index_hnavbar_b4.gif --> newchinaacupuncture.com.au /httpdocs/index_files index_hnavbar_b4.gif
2006.10.28 09:39 B C:\Altnet\hoc\index_files\index_hnavbar_b4_over.gif --> newchinaacupuncture.com.au /httpdocs/index_files index_hnavbar_b4_over.gif
2006.10.28 09:39 B C:\Altnet\hoc\index_files\index_hnavbar_b5.gif --> newchinaacupuncture.com.au /httpdocs/index_files index_hnavbar_b5.gif
2006.10.28 09:39 B C:\Altnet\hoc\index_files\index_hnavbar_b5_over.gif --> newchinaacupuncture.com.au /httpdocs/index_files index_hnavbar_b5_over.gif
2006.10.28 09:39 B C:\Altnet\hoc\index_files\index_hnavbar_b6.gif --> newchinaacupuncture.com.au /httpdocs/index_files index_hnavbar_b6.gif
2006.10.28 09:39 B C:\Altnet\hoc\index_files\index_hnavbar_b6_over.gif --> newchinaacupuncture.com.au /httpdocs/index_files index_hnavbar_b6_over.gif
2006.10.28 09:39 B C:\Altnet\hoc\index_files\index_hnavbar_b7.gif --> newchinaacupuncture.com.au /httpdocs/index_files index_hnavbar_b7.gif
2006.10.28 09:39 B C:\Altnet\hoc\index_files\index_hnavbar_b7_over.gif --> newchinaacupuncture.com.au /httpdocs/index_files index_hnavbar_b7_over.gif
2006.10.28 09:39 B C:\Altnet\hoc\index_files\index_hnavbar_b8.gif --> newchinaacupuncture.com.au /httpdocs/index_files index_hnavbar_b8.gif
2006.10.28 09:39 B C:\Altnet\hoc\index_files\index_hnavbar_b8_over.gif --> newchinaacupuncture.com.au /httpdocs/index_files index_hnavbar_b8_over.gif
2006.10.28 09:39 B C:\Altnet\hoc\index_files\WS_FTP.LOG --> newchinaacupuncture.com.au /httpdocs/index_files WS_FTP.LOG
2006.10.28 09:52 B C:\Altnet\hoc\index_files\Acu.htm --> newchinaacupuncture.com.au /httpdocs/index_files Acu.htm
2006.10.28 09:52 B C:\Altnet\hoc\index_files\Conditions.htm --> newchinaacupuncture.com.au /httpdocs/index_files Conditions.htm
2006.10.28 09:52 B C:\Altnet\hoc\index_files\Faq.htm --> newchinaacupuncture.com.au /httpdocs/index_files Faq.htm
2006.10.28 09:52 B C:\Altnet\hoc\index_files\Herbs.htm --> newchinaacupuncture.com.au /httpdocs/index_files Herbs.htm
2006.10.28 09:52 B C:\Altnet\hoc\index_files\Hoc.htm --> newchinaacupuncture.com.au /httpdocs/index_files Hoc.htm
2006.10.28 09:52 B C:\Altnet\hoc\index_files\index.html --> newchinaacupuncture.com.au /httpdocs/index_files index.html
2006.10.28 09:52 B C:\Altnet\hoc\index_files\Index_bullet.gif --> newchinaacupuncture.com.au /httpdocs/index_files Index_bullet.gif
2006.10.28 09:52 B C:\Altnet\hoc\index_files\Index_heading.gif --> newchinaacupuncture.com.au /httpdocs/index_files Index_heading.gif
2006.10.28 09:52 B C:\Altnet\hoc\index_files\Index_hnavbar.gif --> newchinaacupuncture.com.au /httpdocs/index_files Index_hnavbar.gif
2006.10.28 09:52 B C:\Altnet\hoc\index_files\Index_hnavbar.html --> newchinaacupuncture.com.au /httpdocs/index_files Index_hnavbar.html
2006.10.28 09:52 B C:\Altnet\hoc\index_files\index_hnavbar.js --> newchinaacupuncture.com.au /httpdocs/index_files index_hnavbar.js
2006.10.28 09:52 B C:\Altnet\hoc\index_files\index_hnavbar_b1.gif --> newchinaacupuncture.com.au /httpdocs/index_files index_hnavbar_b1.gif
2006.10.28 09:52 B C:\Altnet\hoc\index_files\index_hnavbar_b1_over.gif --> newchinaacupuncture.com.au /httpdocs/index_files index_hnavbar_b1_over.gif
2006.10.28 09:52 B C:\Altnet\hoc\index_files\index_hnavbar_b2.gif --> newchinaacupuncture.com.au /httpdocs/index_files index_hnavbar_b2.gif
2006.10.28 09:52 B C:\Altnet\hoc\index_files\index_hnavbar_b2_over.gif --> newchinaacupuncture.com.au /httpdocs/index_files index_hnavbar_b2_over.gif
2006.10.28 09:52 B C:\Altnet\hoc\index_files\index_hnavbar_b3.gif --> newchinaacupuncture.com.au /httpdocs/index_files index_hnavbar_b3.gif
2006.10.28 09:52 B C:\Altnet\hoc\index_files\index_hnavbar_b3_over.gif --> newchinaacupuncture.com.au /httpdocs/index_files index_hnavbar_b3_over.gif
2006.10.28 09:52 B C:\Altnet\hoc\index_files\index_hnavbar_b4.gif --> newchinaacupuncture.com.au /httpdocs/index_files index_hnavbar_b4.gif
2006.10.28 09:52 B C:\Altnet\hoc\index_files\index_hnavbar_b4_over.gif --> newchinaacupuncture.com.au /httpdocs/index_files index_hnavbar_b4_over.gif
2006.10.28 09:52 B C:\Altnet\hoc\index_files\index_hnavbar_b5.gif --> newchinaacupuncture.com.au /httpdocs/index_files index_hnavbar_b5.gif
2006.10.28 09:52 B C:\Altnet\hoc\index_files\index_hnavbar_b5_over.gif --> newchinaacupuncture.com.au /httpdocs/index_files index_hnavbar_b5_over.gif
2006.10.28 09:52 B C:\Altnet\hoc\index_files\index_hnavbar_b6.gif --> newchinaacupuncture.com.au /httpdocs/index_files index_hnavbar_b6.gif
2006.10.28 09:52 B C:\Altnet\hoc\index_files\index_hnavbar_b6_over.gif --> newchinaacupuncture.com.au /httpdocs/index_files index_hnavbar_b6_over.gif
2006.10.28 09:52 B C:\Altnet\hoc\index_files\index_hnavbar_b7.gif --> newchinaacupuncture.com.au /httpdocs/index_files index_hnavbar_b7.gif
2006.10.28 09:52 B C:\Altnet\hoc\index_files\index_hnavbar_b7_over.gif --> newchinaacupuncture.com.au /httpdocs/index_files index_hnavbar_b7_over.gif
2006.10.28 09:52 B C:\Altnet\hoc\index_files\index_hnavbar_b8.gif --> newchinaacupuncture.com.au /httpdocs/index_files index_hnavbar_b8.gif
2006.10.28 09:52 B C:\Altnet\hoc\index_files\index_hnavbar_b8_over.gif --> newchinaacupuncture.com.au /httpdocs/index_files index_hnavbar_b8_over.gif
2006.10.28 09:52 B C:\Altnet\hoc\index_files\Index_logo.gif --> newchinaacupuncture.com.au /httpdocs/index_files Index_logo.gif
2006.10.28 09:52 B C:\Altnet\hoc\index_files\Index_vnavbar.gif --> newchinaacupuncture.com.au /httpdocs/index_files Index_vnavbar.gif
2006.10.28 09:52 B C:\Altnet\hoc\index_files\index_vnavbar.js --> newchinaacupuncture.com.au /httpdocs/index_files index_vnavbar.js
2006.10.28 09:52 B C:\Altnet\hoc\index_files\index_vnavbar_b1.gif --> newchinaacupuncture.com.au /httpdocs/index_files index_vnavbar_b1.gif
2006.10.28 09:52 B C:\Altnet\hoc\index_files\index_vnavbar_b1_over.gif --> newchinaacupuncture.com.au /httpdocs/index_files index_vnavbar_b1_over.gif
2006.10.28 09:52 B C:\Altnet\hoc\index_files\index_vnavbar_b2.gif --> newchinaacupuncture.com.au /httpdocs/index_files index_vnavbar_b2.gif
2006.10.28 09:52 B C:\Altnet\hoc\index_files\index_vnavbar_b2_over.gif --> newchinaacupuncture.com.au /httpdocs/index_files index_vnavbar_b2_over.gif
2006.10.28 09:52 B C:\Altnet\hoc\index_files\index_vnavbar_b3.gif --> newchinaacupuncture.com.au /httpdocs/index_files index_vnavbar_b3.gif
2006.10.28 09:52 B C:\Altnet\hoc\index_files\index_vnavbar_b3_over.gif --> newchinaacupuncture.com.au /httpdocs/index_files index_vnavbar_b3_over.gif
2006.10.28 09:52 B C:\Altnet\hoc\index_files\index_vnavbar_b4.gif --> newchinaacupuncture.com.au /httpdocs/index_files index_vnavbar_b4.gif
2006.10.28 09:52 B C:\Altnet\hoc\index_files\index_vnavbar_b4_over.gif --> newchinaacupuncture.com.au /httpdocs/index_files index_vnavbar_b4_over.gif
2006.10.28 09:52 B C:\Altnet\hoc\index_files\index_vnavbar_b5.gif --> newchinaacupuncture.com.au /httpdocs/index_files index_vnavbar_b5.gif
2006.10.28 09:52 B C:\Altnet\hoc\index_files\index_vnavbar_b5_over.gif --> newchinaacupuncture.com.au /httpdocs/index_files index_vnavbar_b5_over.gif
2006.10.28 09:52 B C:\Altnet\hoc\index_files\WS_FTP.LOG --> newchinaacupuncture.com.au /httpdocs/index_files WS_FTP.LOG
2006.10.30 18:47 B C:\Altnet\hoc\index_files\index_vnavbar.js --> newchinaacupuncture.com.au /httpdocs/Index_files index_vnavbar.js
2006.10.30 18:49 B C:\Altnet\hoc\index_files\Index_vnavbar.gif --> newchinaacupuncture.com.au /httpdocs Index_vnavbar.gif
2006.10.30 18:49 B C:\Altnet\hoc\index_files\Index_vnavbar.html --> newchinaacupuncture.com.au /httpdocs Index_vnavbar.html
2006.10.30 18:49 B C:\Altnet\hoc\index_files\index_vnavbar.js --> newchinaacupuncture.com.au /httpdocs index_vnavbar.js
2006.10.30 18:49 B C:\Altnet\hoc\index_files\index_vnavbar_b1.gif --> newchinaacupuncture.com.au /httpdocs index_vnavbar_b1.gif
2006.10.30 18:49 B C:\Altnet\hoc\index_files\index_vnavbar_b1_over.gif --> newchinaacupuncture.com.au /httpdocs index_vnavbar_b1_over.gif
2006.10.30 18:49 B C:\Altnet\hoc\index_files\index_vnavbar_b2.gif --> newchinaacupuncture.com.au /httpdocs index_vnavbar_b2.gif
2006.10.30 18:49 B C:\Altnet\hoc\index_files\index_vnavbar_b2_over.gif --> newchinaacupuncture.com.au /httpdocs index_vnavbar_b2_over.gif
2006.10.30 18:49 B C:\Altnet\hoc\index_files\index_vnavbar_b3.gif --> newchinaacupuncture.com.au /httpdocs index_vnavbar_b3.gif
2006.10.30 18:49 B C:\Altnet\hoc\index_files\index_vnavbar_b3_over.gif --> newchinaacupuncture.com.au /httpdocs index_vnavbar_b3_over.gif
2006.10.30 18:49 B C:\Altnet\hoc\index_files\index_vnavbar_b4.gif --> newchinaacupuncture.com.au /httpdocs index_vnavbar_b4.gif
2006.10.30 18:49 B C:\Altnet\hoc\index_files\index_vnavbar_b4_over.gif --> newchinaacupuncture.com.au /httpdocs index_vnavbar_b4_over.gif
2006.10.30 18:49 B C:\Altnet\hoc\index_files\index_vnavbar_b5.gif --> newchinaacupuncture.com.au /httpdocs index_vnavbar_b5.gif
2006.10.30 18:49 B C:\Altnet\hoc\index_files\index_vnavbar_b5_over.gif --> newchinaacupuncture.com.au /httpdocs index_vnavbar_b5_over.gif
2006.10.30 18:49 B C:\Altnet\hoc\index_files\index_vnavbar_b6.gif --> newchinaacupuncture.com.au /httpdocs index_vnavbar_b6.gif
2006.10.30 18:49 B C:\Altnet\hoc\index_files\index_vnavbar_b6_over.gif --> newchinaacupuncture.com.au /httpdocs index_vnavbar_b6_over.gif
2006.10.30 18:49 B C:\Altnet\hoc\index_files\index_vnavbar_b7.gif --> newchinaacupuncture.com.au /httpdocs index_vnavbar_b7.gif
2006.10.30 18:49 B C:\Altnet\hoc\index_files\index_vnavbar_b7_over.gif --> newchinaacupuncture.com.au /httpdocs index_vnavbar_b7_over.gif
2006.10.30 18:49 B C:\Altnet\hoc\index_files\Index_vnavbar.gif --> newchinaacupuncture.com.au /httpdocs/Index_files Index_vnavbar.gif
2006.10.30 18:49 B C:\Altnet\hoc\index_files\Index_vnavbar.html --> newchinaacupuncture.com.au /httpdocs/Index_files Index_vnavbar.html
2006.10.30 18:49 B C:\Altnet\hoc\index_files\index_vnavbar.js --> newchinaacupuncture.com.au /httpdocs/Index_files index_vnavbar.js
2006.10.30 18:49 B C:\Altnet\hoc\index_files\index_vnavbar_b1.gif --> newchinaacupuncture.com.au /httpdocs/Index_files index_vnavbar_b1.gif
2006.10.30 18:49 B C:\Altnet\hoc\index_files\index_vnavbar_b1_over.gif --> newchinaacupuncture.com.au /httpdocs/Index_files index_vnavbar_b1_over.gif
2006.10.30 18:49 B C:\Altnet\hoc\index_files\index_vnavbar_b2.gif --> newchinaacupuncture.com.au /httpdocs/Index_files index_vnavbar_b2.gif
2006.10.30 18:49 B C:\Altnet\hoc\index_files\index_vnavbar_b2_over.gif --> newchinaacupuncture.com.au /httpdocs/Index_files index_vnavbar_b2_over.gif
2006.10.30 18:49 B C:\Altnet\hoc\index_files\index_vnavbar_b3.gif --> newchinaacupuncture.com.au /httpdocs/Index_files index_vnavbar_b3.gif
2006.10.30 18:49 B C:\Altnet\hoc\index_files\index_vnavbar_b3_over.gif --> newchinaacupuncture.com.au /httpdocs/Index_files index_vnavbar_b3_over.gif
2006.10.30 18:49 B C:\Altnet\hoc\index_files\index_vnavbar_b4.gif --> newchinaacupuncture.com.au /httpdocs/Index_files index_vnavbar_b4.gif
2006.10.30 18:49 B C:\Altnet\hoc\index_files\index_vnavbar_b4_over.gif --> newchinaacupuncture.com.au /httpdocs/Index_files index_vnavbar_b4_over.gif
2006.10.30 18:49 B C:\Altnet\hoc\index_files\index_vnavbar_b5.gif --> newchinaacupuncture.com.au /httpdocs/Index_files index_vnavbar_b5.gif
2006.10.30 18:49 B C:\Altnet\hoc\index_files\index_vnavbar_b5_over.gif --> newchinaacupuncture.com.au /httpdocs/Index_files index_vnavbar_b5_over.gif
2006.10.30 18:49 B C:\Altnet\hoc\index_files\index_vnavbar_b6.gif --> newchinaacupuncture.com.au /httpdocs/Index_files index_vnavbar_b6.gif
2006.10.30 18:49 B C:\Altnet\hoc\index_files\index_vnavbar_b6_over.gif --> newchinaacupuncture.com.au /httpdocs/Index_files index_vnavbar_b6_over.gif
2006.10.30 18:49 B C:\Altnet\hoc\index_files\index_vnavbar_b7.gif --> newchinaacupuncture.com.au /httpdocs/Index_files index_vnavbar_b7.gif
2006.10.30 18:49 B C:\Altnet\hoc\index_files\index_vnavbar_b7_over.gif --> newchinaacupuncture.com.au /httpdocs/Index_files index_vnavbar_b7_over.gif
2006.10.30 18:58 B C:\Altnet\hoc\index_files\Media.htm <-- Hoc /httpdocs Media.htm
2006.10.30 18:58 B C:\Altnet\hoc\index_files\Testimonials.htm <-- Hoc /httpdocs Testimonials.htm
2006.10.30 19:09 B C:\Altnet\hoc\index_files\Media.htm <-- Hoc /httpdocs Media.htm
2006.10.30 19:09 B C:\Altnet\hoc\index_files\Testimonials.htm <-- Hoc /httpdocs Testimonials.htm
2006.10.30 19:15 B C:\Altnet\hoc\index_files\Acu.htm --> newchinaacupuncture.com.au /httpdocs/index_files Acu.htm
2006.10.30 19:15 B C:\Altnet\hoc\index_files\card1.jpg --> newchinaacupuncture.com.au /httpdocs/index_files card1.jpg
2006.10.30 19:15 B C:\Altnet\hoc\index_files\card2(TN).jpg --> newchinaacupuncture.com.au /httpdocs/index_files card2(TN).jpg
2006.10.30 19:15 B C:\Altnet\hoc\index_files\card2.jpg --> newchinaacupuncture.com.au /httpdocs/index_files card2.jpg
2006.10.30 19:15 B C:\Altnet\hoc\index_files\card3.jpg --> newchinaacupuncture.com.au /httpdocs/index_files card3.jpg
2006.10.30 19:15 B C:\Altnet\hoc\index_files\card4.jpg --> newchinaacupuncture.com.au /httpdocs/index_files card4.jpg
2006.10.30 19:15 B C:\Altnet\hoc\index_files\Conditions.htm --> newchinaacupuncture.com.au /httpdocs/index_files Conditions.htm
2006.10.30 19:15 B C:\Altnet\hoc\index_files\Cup.htm --> newchinaacupuncture.com.au /httpdocs/index_files Cup.htm
2006.10.30 19:15 B C:\Altnet\hoc\index_files\Diet.htm --> newchinaacupuncture.com.au /httpdocs/index_files Diet.htm
2006.10.30 19:15 B C:\Altnet\hoc\index_files\Faq.htm --> newchinaacupuncture.com.au /httpdocs/index_files Faq.htm
2006.10.30 19:15 B C:\Altnet\hoc\index_files\Health.htm --> newchinaacupuncture.com.au /httpdocs/index_files Health.htm
2006.10.30 19:15 B C:\Altnet\hoc\index_files\Herbs.htm --> newchinaacupuncture.com.au /httpdocs/index_files Herbs.htm
2006.10.30 19:15 B C:\Altnet\hoc\index_files\Hoc.htm --> newchinaacupuncture.com.au /httpdocs/index_files Hoc.htm
2006.10.30 19:15 B C:\Altnet\hoc\index_files\index.html --> newchinaacupuncture.com.au /httpdocs/index_files index.html
2006.10.30 19:15 B C:\Altnet\hoc\index_files\index.js --> newchinaacupuncture.com.au /httpdocs/index_files index.js
2006.10.30 19:15 B C:\Altnet\hoc\index_files\index_b1.gif --> newchinaacupuncture.com.au /httpdocs/index_files index_b1.gif
2006.10.30 19:15 B C:\Altnet\hoc\index_files\index_b1_over.gif --> newchinaacupuncture.com.au /httpdocs/index_files index_b1_over.gif
2006.10.30 19:15 B C:\Altnet\hoc\index_files\index_b2.gif --> newchinaacupuncture.com.au /httpdocs/index_files index_b2.gif
2006.10.30 19:15 B C:\Altnet\hoc\index_files\index_b2_over.gif --> newchinaacupuncture.com.au /httpdocs/index_files index_b2_over.gif
2006.10.30 19:15 B C:\Altnet\hoc\index_files\index_b3.gif --> newchinaacupuncture.com.au /httpdocs/index_files index_b3.gif
2006.10.30 19:15 B C:\Altnet\hoc\index_files\index_b3_over.gif --> newchinaacupuncture.com.au /httpdocs/index_files index_b3_over.gif
2006.10.30 19:15 B C:\Altnet\hoc\index_files\index_b4.gif --> newchinaacupuncture.com.au /httpdocs/index_files index_b4.gif
2006.10.30 19:15 B C:\Altnet\hoc\index_files\index_b4_over.gif --> newchinaacupuncture.com.au /httpdocs/index_files index_b4_over.gif
2006.10.30 19:15 B C:\Altnet\hoc\index_files\index_b5.gif --> newchinaacupuncture.com.au /httpdocs/index_files index_b5.gif
2006.10.30 19:15 B C:\Altnet\hoc\index_files\index_b5_over.gif --> newchinaacupuncture.com.au /httpdocs/index_files index_b5_over.gif
2006.10.30 19:15 B C:\Altnet\hoc\index_files\index_b6.gif --> newchinaacupuncture.com.au /httpdocs/index_files index_b6.gif
2006.10.30 19:15 B C:\Altnet\hoc\index_files\index_b6_over.gif --> newchinaacupuncture.com.au /httpdocs/index_files index_b6_over.gif
2006.10.30 19:15 B C:\Altnet\hoc\index_files\index_b7.gif --> newchinaacupuncture.com.au /httpdocs/index_files index_b7.gif
2006.10.30 19:15 B C:\Altnet\hoc\index_files\index_b7_over.gif --> newchinaacupuncture.com.au /httpdocs/index_files index_b7_over.gif
2006.10.30 19:15 B C:\Altnet\hoc\index_files\index_b8.gif --> newchinaacupuncture.com.au /httpdocs/index_files index_b8.gif
2006.10.30 19:15 B C:\Altnet\hoc\index_files\index_b8_over.gif --> newchinaacupuncture.com.au /httpdocs/index_files index_b8_over.gif
2006.10.30 19:15 B C:\Altnet\hoc\index_files\Index_bullet.gif --> newchinaacupuncture.com.au /httpdocs/index_files Index_bullet.gif
2006.10.30 19:15 B C:\Altnet\hoc\index_files\Index_heading.gif --> newchinaacupuncture.com.au /httpdocs/index_files Index_heading.gif
2006.10.30 19:15 B C:\Altnet\hoc\index_files\Index_hnavbar.gif --> newchinaacupuncture.com.au /httpdocs/index_files Index_hnavbar.gif
2006.10.30 19:15 B C:\Altnet\hoc\index_files\Index_hnavbar.html --> newchinaacupuncture.com.au /httpdocs/index_files Index_hnavbar.html
2006.10.30 19:15 B C:\Altnet\hoc\index_files\index_hnavbar.js --> newchinaacupuncture.com.au /httpdocs/index_files index_hnavbar.js
2006.10.30 19:15 B C:\Altnet\hoc\index_files\index_hnavbar_b1.gif --> newchinaacupuncture.com.au /httpdocs/index_files index_hnavbar_b1.gif
2006.10.30 19:15 B C:\Altnet\hoc\index_files\index_hnavbar_b1_over.gif --> newchinaacupuncture.com.au /httpdocs/index_files index_hnavbar_b1_over.gif
2006.10.30 19:15 B C:\Altnet\hoc\index_files\index_hnavbar_b2.gif --> newchinaacupuncture.com.au /httpdocs/index_files index_hnavbar_b2.gif
2006.10.30 19:15 B C:\Altnet\hoc\index_files\index_hnavbar_b2_over.gif --> newchinaacupuncture.com.au /httpdocs/index_files index_hnavbar_b2_over.gif
2006.10.30 19:15 B C:\Altnet\hoc\index_files\index_hnavbar_b3.gif --> newchinaacupuncture.com.au /httpdocs/index_files index_hnavbar_b3.gif
2006.10.30 19:15 B C:\Altnet\hoc\index_files\index_hnavbar_b3_over.gif --> newchinaacupuncture.com.au /httpdocs/index_files index_hnavbar_b3_over.gif
2006.10.30 19:15 B C:\Altnet\hoc\index_files\index_hnavbar_b4.gif --> newchinaacupuncture.com.au /httpdocs/index_files index_hnavbar_b4.gif
2006.10.30 19:15 B C:\Altnet\hoc\index_files\index_hnavbar_b4_over.gif --> newchinaacupuncture.com.au /httpdocs/index_files index_hnavbar_b4_over.gif
2006.10.30 19:15 B C:\Altnet\hoc\index_files\index_hnavbar_b5.gif --> newchinaacupuncture.com.au /httpdocs/index_files index_hnavbar_b5.gif
2006.10.30 19:15 B C:\Altnet\hoc\index_files\index_hnavbar_b5_over.gif --> newchinaacupuncture.com.au /httpdocs/index_files index_hnavbar_b5_over.gif
2006.10.30 19:15 B C:\Altnet\hoc\index_files\index_hnavbar_b6.gif --> newchinaacupuncture.com.au /httpdocs/index_files index_hnavbar_b6.gif
2006.10.30 19:15 B C:\Altnet\hoc\index_files\index_hnavbar_b6_over.gif --> newchinaacupuncture.com.au /httpdocs/index_files index_hnavbar_b6_over.gif
2006.10.30 19:15 B C:\Altnet\hoc\index_files\index_hnavbar_b7.gif --> newchinaacupuncture.com.au /httpdocs/index_files index_hnavbar_b7.gif
2006.10.30 19:15 B C:\Altnet\hoc\index_files\index_hnavbar_b7_over.gif --> newchinaacupuncture.com.au /httpdocs/index_files index_hnavbar_b7_over.gif
2006.10.30 19:15 B C:\Altnet\hoc\index_files\index_hnavbar_b8.gif --> newchinaacupuncture.com.au /httpdocs/index_files index_hnavbar_b8.gif
2006.10.30 19:15 B C:\Altnet\hoc\index_files\index_hnavbar_b8_over.gif --> newchinaacupuncture.com.au /httpdocs/index_files index_hnavbar_b8_over.gif
2006.10.30 19:15 B C:\Altnet\hoc\index_files\Index_image1.gif --> newchinaacupuncture.com.au /httpdocs/index_files Index_image1.gif
2006.10.30 19:15 B C:\Altnet\hoc\index_files\Index_image1.jpg --> newchinaacupuncture.com.au /httpdocs/index_files Index_image1.jpg
2006.10.30 19:15 B C:\Altnet\hoc\index_files\Index_image2.jpg --> newchinaacupuncture.com.au /httpdocs/index_files Index_image2.jpg
2006.10.30 19:15 B C:\Altnet\hoc\index_files\Index_logo.gif --> newchinaacupuncture.com.au /httpdocs/index_files Index_logo.gif
2006.10.30 19:15 B C:\Altnet\hoc\index_files\Index_vnavbar.gif --> newchinaacupuncture.com.au /httpdocs/index_files Index_vnavbar.gif
2006.10.30 19:15 B C:\Altnet\hoc\index_files\Index_vnavbar.html --> newchinaacupuncture.com.au /httpdocs/index_files Index_vnavbar.html
2006.10.30 19:15 B C:\Altnet\hoc\index_files\index_vnavbar.js --> newchinaacupuncture.com.au /httpdocs/index_files index_vnavbar.js
2006.10.30 19:15 B C:\Altnet\hoc\index_files\index_vnavbar_b1.gif --> newchinaacupuncture.com.au /httpdocs/index_files index_vnavbar_b1.gif
2006.10.30 19:15 B C:\Altnet\hoc\index_files\index_vnavbar_b1_over.gif --> newchinaacupuncture.com.au /httpdocs/index_files index_vnavbar_b1_over.gif
2006.10.30 19:15 B C:\Altnet\hoc\index_files\index_vnavbar_b2.gif --> newchinaacupuncture.com.au /httpdocs/index_files index_vnavbar_b2.gif
2006.10.30 19:15 B C:\Altnet\hoc\index_files\index_vnavbar_b2_over.gif --> newchinaacupuncture.com.au /httpdocs/index_files index_vnavbar_b2_over.gif
2006.10.30 19:15 B C:\Altnet\hoc\index_files\index_vnavbar_b3.gif --> newchinaacupuncture.com.au /httpdocs/index_files index_vnavbar_b3.gif
2006.10.30 19:15 B C:\Altnet\hoc\index_files\index_vnavbar_b3_over.gif --> newchinaacupuncture.com.au /httpdocs/index_files index_vnavbar_b3_over.gif
2006.10.30 19:15 B C:\Altnet\hoc\index_files\index_vnavbar_b4.gif --> newchinaacupuncture.com.au /httpdocs/index_files index_vnavbar_b4.gif
2006.10.30 19:15 B C:\Altnet\hoc\index_files\index_vnavbar_b4_over.gif --> newchinaacupuncture.com.au /httpdocs/index_files index_vnavbar_b4_over.gif
2006.10.30 19:15 B C:\Altnet\hoc\index_files\index_vnavbar_b5.gif --> newchinaacupuncture.com.au /httpdocs/index_files index_vnavbar_b5.gif
2006.10.30 19:15 B C:\Altnet\hoc\index_files\index_vnavbar_b5_over.gif --> newchinaacupuncture.com.au /httpdocs/index_files index_vnavbar_b5_over.gif
2006.10.30 19:15 B C:\Altnet\hoc\index_files\index_vnavbar_b6.gif --> newchinaacupuncture.com.au /httpdocs/index_files index_vnavbar_b6.gif
2006.10.30 19:15 B C:\Altnet\hoc\index_files\index_vnavbar_b6_over.gif --> newchinaacupuncture.com.au /httpdocs/index_files index_vnavbar_b6_over.gif
2006.10.30 19:15 B C:\Altnet\hoc\index_files\index_vnavbar_b7.gif --> newchinaacupuncture.com.au /httpdocs/index_files index_vnavbar_b7.gif
2006.10.30 19:15 B C:\Altnet\hoc\index_files\index_vnavbar_b7_over.gif --> newchinaacupuncture.com.au /httpdocs/index_files index_vnavbar_b7_over.gif
2006.10.30 19:15 B C:\Altnet\hoc\index_files\logo.jpg --> newchinaacupuncture.com.au /httpdocs/index_files logo.jpg
2006.10.30 19:15 B C:\Altnet\hoc\index_files\Media.htm --> newchinaacupuncture.com.au /httpdocs/index_files Media.htm
2006.10.30 19:15 B C:\Altnet\hoc\index_files\Moxa.htm --> newchinaacupuncture.com.au /httpdocs/index_files Moxa.htm
2006.10.30 19:15 B C:\Altnet\hoc\index_files\Testimonials.htm --> newchinaacupuncture.com.au /httpdocs/index_files Testimonials.htm
2006.10.30 19:16 B C:\Altnet\hoc\index_files\Thumbs.db --> newchinaacupuncture.com.au /httpdocs/index_files Thumbs.db
2006.10.30 19:16 B C:\Altnet\hoc\index_files\Tuina.htm --> newchinaacupuncture.com.au /httpdocs/index_files Tuina.htm
