2006.10.26 20:58 B C:\Altnet\hoc\Acu.htm --> newchinaacupuncture.com.au /httpdocs Acu.htm
2006.10.26 20:58 B C:\Altnet\hoc\Chinese1.htm --> newchinaacupuncture.com.au /httpdocs Chinese1.htm
2006.10.26 20:58 B C:\Altnet\hoc\Conditions.htm --> newchinaacupuncture.com.au /httpdocs Conditions.htm
2006.10.26 20:58 B C:\Altnet\hoc\Contact.htm --> newchinaacupuncture.com.au /httpdocs Contact.htm
2006.10.26 20:58 B C:\Altnet\hoc\Cup.htm --> newchinaacupuncture.com.au /httpdocs Cup.htm
2006.10.26 20:58 B C:\Altnet\hoc\cupping.htm --> newchinaacupuncture.com.au /httpdocs cupping.htm
2006.10.26 20:58 B C:\Altnet\hoc\Diet.htm --> newchinaacupuncture.com.au /httpdocs Diet.htm
2006.10.26 20:58 B C:\Altnet\hoc\faq.htm --> newchinaacupuncture.com.au /httpdocs faq.htm
2006.10.26 20:58 B C:\Altnet\hoc\Health.htm --> newchinaacupuncture.com.au /httpdocs Health.htm
2006.10.26 20:58 B C:\Altnet\hoc\Herbs.htm --> newchinaacupuncture.com.au /httpdocs Herbs.htm
2006.10.26 20:58 B C:\Altnet\hoc\Hoc.htm --> newchinaacupuncture.com.au /httpdocs Hoc.htm
2006.10.26 20:58 B C:\Altnet\hoc\Index.html --> newchinaacupuncture.com.au /httpdocs Index.html
2006.10.26 20:58 B C:\Altnet\hoc\index2.htm --> newchinaacupuncture.com.au /httpdocs index2.htm
2006.10.26 20:58 B C:\Altnet\hoc\index2.html --> newchinaacupuncture.com.au /httpdocs index2.html
2006.10.26 20:58 B C:\Altnet\hoc\index3.htm --> newchinaacupuncture.com.au /httpdocs index3.htm
2006.10.26 20:58 B C:\Altnet\hoc\index3.html --> newchinaacupuncture.com.au /httpdocs index3.html
2006.10.26 20:58 B C:\Altnet\hoc\index4.htm --> newchinaacupuncture.com.au /httpdocs index4.htm
2006.10.26 20:58 B C:\Altnet\hoc\index4.html --> newchinaacupuncture.com.au /httpdocs index4.html
2006.10.26 20:58 B C:\Altnet\hoc\index5.htm --> newchinaacupuncture.com.au /httpdocs index5.htm
2006.10.26 20:58 B C:\Altnet\hoc\index5.html --> newchinaacupuncture.com.au /httpdocs index5.html
2006.10.26 20:58 B C:\Altnet\hoc\index6.html --> newchinaacupuncture.com.au /httpdocs index6.html
2006.10.26 20:58 B C:\Altnet\hoc\Index_hnavbar.html --> newchinaacupuncture.com.au /httpdocs Index_hnavbar.html
2006.10.26 20:58 B C:\Altnet\hoc\index_hnavbar2.html --> newchinaacupuncture.com.au /httpdocs index_hnavbar2.html
2006.10.26 20:58 B C:\Altnet\hoc\index_hnavbar3.html --> newchinaacupuncture.com.au /httpdocs index_hnavbar3.html
2006.10.26 20:58 B C:\Altnet\hoc\index_hnavbar4.html --> newchinaacupuncture.com.au /httpdocs index_hnavbar4.html
2006.10.26 20:58 B C:\Altnet\hoc\index_hnavbar5.html --> newchinaacupuncture.com.au /httpdocs index_hnavbar5.html
2006.10.26 20:58 B C:\Altnet\hoc\index_hnavbar6.html --> newchinaacupuncture.com.au /httpdocs index_hnavbar6.html
2006.10.26 20:58 B C:\Altnet\hoc\Index_vnavbar.html --> newchinaacupuncture.com.au /httpdocs Index_vnavbar.html
2006.10.26 20:58 B C:\Altnet\hoc\index_vnavbar2.html --> newchinaacupuncture.com.au /httpdocs index_vnavbar2.html
2006.10.26 20:58 B C:\Altnet\hoc\index_vnavbar3.html --> newchinaacupuncture.com.au /httpdocs index_vnavbar3.html
2006.10.26 20:58 B C:\Altnet\hoc\index_vnavbar4.html --> newchinaacupuncture.com.au /httpdocs index_vnavbar4.html
2006.10.26 20:58 B C:\Altnet\hoc\index_vnavbar5.html --> newchinaacupuncture.com.au /httpdocs index_vnavbar5.html
2006.10.26 20:58 B C:\Altnet\hoc\Moxa.htm --> newchinaacupuncture.com.au /httpdocs Moxa.htm
2006.10.26 20:58 B C:\Altnet\hoc\Tunia.htm --> newchinaacupuncture.com.au /httpdocs Tunia.htm
2006.10.26 20:58 B C:\Altnet\hoc\xaramenu.js --> newchinaacupuncture.com.au /httpdocs xaramenu.js
2006.10.26 21:28 B C:\Altnet\hoc\acu1.bmp --> newchinaacupuncture.com.au /httpdocs/images acu1.bmp
2006.10.26 21:28 B C:\Altnet\hoc\acu1.gif --> newchinaacupuncture.com.au /httpdocs/images acu1.gif
2006.10.26 21:28 B C:\Altnet\hoc\cupping1.bmp --> newchinaacupuncture.com.au /httpdocs/images cupping1.bmp
2006.10.26 21:28 B C:\Altnet\hoc\guasha1.bmp --> newchinaacupuncture.com.au /httpdocs/images guasha1.bmp
2006.10.26 21:28 B C:\Altnet\hoc\massage 3.bmp --> newchinaacupuncture.com.au /httpdocs/images massage 3.bmp
2006.10.26 21:28 B C:\Altnet\hoc\massage1.bmp --> newchinaacupuncture.com.au /httpdocs/images massage1.bmp
2006.10.26 21:28 B C:\Altnet\hoc\massage2.bmp --> newchinaacupuncture.com.au /httpdocs/images massage2.bmp
2006.10.26 21:28 B C:\Altnet\hoc\massage4.bmp --> newchinaacupuncture.com.au /httpdocs/images massage4.bmp
2006.10.26 21:28 B C:\Altnet\hoc\moxa1.bmp --> newchinaacupuncture.com.au /httpdocs/images moxa1.bmp
2006.10.26 21:29 B C:\Altnet\hoc\neddle2.bmp --> newchinaacupuncture.com.au /httpdocs/images neddle2.bmp
2006.10.26 21:29 B C:\Altnet\hoc\needle1.jpg --> newchinaacupuncture.com.au /httpdocs/images needle1.jpg
2006.10.26 21:29 B C:\Altnet\hoc\scan0007.jpg --> newchinaacupuncture.com.au /httpdocs/images scan0007.jpg
2006.10.26 21:39 B C:\Altnet\hoc\Hoc.jpg --> newchinaacupuncture.com.au /httpdocs/images Hoc.jpg
2006.10.26 21:39 B C:\Altnet\hoc\Hoc2.jpg --> newchinaacupuncture.com.au /httpdocs/images Hoc2.jpg
2006.10.26 21:40 B C:\Altnet\hoc\Hoc.jpg --> newchinaacupuncture.com.au /httpdocs Hoc.jpg
2006.10.26 21:40 B C:\Altnet\hoc\Hoc2.jpg --> newchinaacupuncture.com.au /httpdocs Hoc2.jpg
2006.10.26 21:42 B C:\Altnet\hoc\index.html --> newchinaacupuncture.com.au /httpdocs index.html
2006.10.27 05:14 B C:\Altnet\hoc\index.html --> newchinaacupuncture.com.au /httpdocs index.html
2006.10.27 05:20 B C:\Altnet\hoc\Hoc.htm --> newchinaacupuncture.com.au /httpdocs Hoc.htm
2006.10.27 15:32 B C:\Altnet\hoc\Hoc.htm --> newchinaacupuncture.com.au /httpdocs Hoc.htm
2006.10.27 18:33 B C:\Altnet\hoc\Acu.htm --> newchinaacupuncture.com.au /httpdocs Acu.htm
2006.10.27 18:33 B C:\Altnet\hoc\Chinese1.htm --> newchinaacupuncture.com.au /httpdocs Chinese1.htm
2006.10.27 18:33 B C:\Altnet\hoc\Conditions.htm --> newchinaacupuncture.com.au /httpdocs Conditions.htm
2006.10.27 18:33 B C:\Altnet\hoc\Consult.jpg --> newchinaacupuncture.com.au /httpdocs Consult.jpg
2006.10.27 18:33 B C:\Altnet\hoc\Contact.htm --> newchinaacupuncture.com.au /httpdocs Contact.htm
2006.10.27 18:33 B C:\Altnet\hoc\cup.htm --> newchinaacupuncture.com.au /httpdocs cup.htm
2006.10.27 18:33 B C:\Altnet\hoc\cupping1.jpg --> newchinaacupuncture.com.au /httpdocs cupping1.jpg
2006.10.27 18:33 B C:\Altnet\hoc\Diet.htm --> newchinaacupuncture.com.au /httpdocs Diet.htm
2006.10.27 18:33 B C:\Altnet\hoc\faq.htm --> newchinaacupuncture.com.au /httpdocs faq.htm
2006.10.27 18:33 B C:\Altnet\hoc\Health.htm --> newchinaacupuncture.com.au /httpdocs Health.htm
2006.10.27 18:33 B C:\Altnet\hoc\Herbs.htm --> newchinaacupuncture.com.au /httpdocs Herbs.htm
2006.10.27 18:33 B C:\Altnet\hoc\Herbs.jpg --> newchinaacupuncture.com.au /httpdocs Herbs.jpg
2006.10.27 18:33 B C:\Altnet\hoc\Hoc-Close.jpg --> newchinaacupuncture.com.au /httpdocs Hoc-Close.jpg
2006.10.27 18:33 B C:\Altnet\hoc\Hoc.htm --> newchinaacupuncture.com.au /httpdocs Hoc.htm
2006.10.27 18:33 B C:\Altnet\hoc\Hoc.jpg --> newchinaacupuncture.com.au /httpdocs Hoc.jpg
2006.10.27 18:33 B C:\Altnet\hoc\Hoc2.jpg --> newchinaacupuncture.com.au /httpdocs Hoc2.jpg
2006.10.27 18:34 B C:\Altnet\hoc\IMG_5689 (Large).jpg --> newchinaacupuncture.com.au /httpdocs IMG_5689 (Large).jpg
2006.10.27 18:34 B C:\Altnet\hoc\IMG_5693 (Large).jpg --> newchinaacupuncture.com.au /httpdocs IMG_5693 (Large).jpg
2006.10.27 18:34 B C:\Altnet\hoc\index.html --> newchinaacupuncture.com.au /httpdocs index.html
2006.10.27 18:34 B C:\Altnet\hoc\index2.htm --> newchinaacupuncture.com.au /httpdocs index2.htm
2006.10.27 18:34 B C:\Altnet\hoc\index2.html --> newchinaacupuncture.com.au /httpdocs index2.html
2006.10.27 18:34 B C:\Altnet\hoc\index3.htm --> newchinaacupuncture.com.au /httpdocs index3.htm
2006.10.27 18:34 B C:\Altnet\hoc\index3.html --> newchinaacupuncture.com.au /httpdocs index3.html
2006.10.27 18:34 B C:\Altnet\hoc\index4.htm --> newchinaacupuncture.com.au /httpdocs index4.htm
2006.10.27 18:34 B C:\Altnet\hoc\index4.html --> newchinaacupuncture.com.au /httpdocs index4.html
2006.10.27 18:34 B C:\Altnet\hoc\index5.htm --> newchinaacupuncture.com.au /httpdocs index5.htm
2006.10.27 18:34 B C:\Altnet\hoc\index5.html --> newchinaacupuncture.com.au /httpdocs index5.html
2006.10.27 18:34 B C:\Altnet\hoc\index6.html --> newchinaacupuncture.com.au /httpdocs index6.html
2006.10.27 18:34 B C:\Altnet\hoc\Index_hnavbar.html --> newchinaacupuncture.com.au /httpdocs Index_hnavbar.html
2006.10.27 18:34 B C:\Altnet\hoc\index_hnavbar2.html --> newchinaacupuncture.com.au /httpdocs index_hnavbar2.html
2006.10.27 18:34 B C:\Altnet\hoc\index_hnavbar3.html --> newchinaacupuncture.com.au /httpdocs index_hnavbar3.html
2006.10.27 18:34 B C:\Altnet\hoc\index_hnavbar4.html --> newchinaacupuncture.com.au /httpdocs index_hnavbar4.html
2006.10.27 18:34 B C:\Altnet\hoc\index_hnavbar5.html --> newchinaacupuncture.com.au /httpdocs index_hnavbar5.html
2006.10.27 18:34 B C:\Altnet\hoc\index_hnavbar6.html --> newchinaacupuncture.com.au /httpdocs index_hnavbar6.html
2006.10.27 18:34 B C:\Altnet\hoc\Index_vnavbar.html --> newchinaacupuncture.com.au /httpdocs Index_vnavbar.html
2006.10.27 18:34 B C:\Altnet\hoc\index_vnavbar2.html --> newchinaacupuncture.com.au /httpdocs index_vnavbar2.html
2006.10.27 18:34 B C:\Altnet\hoc\index_vnavbar3.html --> newchinaacupuncture.com.au /httpdocs index_vnavbar3.html
2006.10.27 18:34 B C:\Altnet\hoc\index_vnavbar4.html --> newchinaacupuncture.com.au /httpdocs index_vnavbar4.html
2006.10.27 18:34 B C:\Altnet\hoc\index_vnavbar5.html --> newchinaacupuncture.com.au /httpdocs index_vnavbar5.html
2006.10.27 18:34 B C:\Altnet\hoc\Lifestyle Advice - Food list for patient.pdf --> newchinaacupuncture.com.au /httpdocs Lifestyle Advice - Food list for patient.pdf
2006.10.27 18:34 B C:\Altnet\hoc\massage 3.jpg --> newchinaacupuncture.com.au /httpdocs massage 3.jpg
2006.10.27 18:34 B C:\Altnet\hoc\massage1.jpg --> newchinaacupuncture.com.au /httpdocs massage1.jpg
2006.10.27 18:34 B C:\Altnet\hoc\massage4.jpg --> newchinaacupuncture.com.au /httpdocs massage4.jpg
2006.10.27 18:34 B C:\Altnet\hoc\Moxa.htm --> newchinaacupuncture.com.au /httpdocs Moxa.htm
2006.10.27 18:34 B C:\Altnet\hoc\moxa1.jpg --> newchinaacupuncture.com.au /httpdocs moxa1.jpg
2006.10.27 18:34 B C:\Altnet\hoc\neddle2.jpg --> newchinaacupuncture.com.au /httpdocs neddle2.jpg
2006.10.27 18:34 B C:\Altnet\hoc\needle1.jpg --> newchinaacupuncture.com.au /httpdocs needle1.jpg
2006.10.27 18:34 B C:\Altnet\hoc\scan0010.jpg --> newchinaacupuncture.com.au /httpdocs scan0010.jpg
2006.10.27 18:34 B C:\Altnet\hoc\Thumbs.db --> newchinaacupuncture.com.au /httpdocs Thumbs.db
2006.10.27 18:34 B C:\Altnet\hoc\Tunia.htm --> newchinaacupuncture.com.au /httpdocs Tunia.htm
2006.10.27 18:34 B C:\Altnet\hoc\xaramenu.js --> newchinaacupuncture.com.au /httpdocs xaramenu.js
2006.10.27 18:56 B C:\Altnet\hoc\cup.htm --> newchinaacupuncture.com.au /httpdocs cup.htm
2006.10.27 18:56 B C:\Altnet\hoc\Faq.htm --> newchinaacupuncture.com.au /httpdocs Faq.htm
2006.10.27 18:58 B C:\Altnet\hoc\Cup.htm --> newchinaacupuncture.com.au /httpdocs Cup.htm
2006.10.27 18:58 B C:\Altnet\hoc\Tuina.htm --> newchinaacupuncture.com.au /httpdocs Tuina.htm
2006.10.27 19:00 B C:\Altnet\hoc\Lifestyle Advice - Food list for patient.pdf --> newchinaacupuncture.com.au /httpdocs Lifestyle Advice - Food list for patient.pdf
2006.10.27 19:30 B C:\Altnet\hoc\Ab needling.jpg --> newchinaacupuncture.com.au /httpdocs Ab needling.jpg
2006.10.27 19:30 B C:\Altnet\hoc\Conditions.htm --> newchinaacupuncture.com.au /httpdocs Conditions.htm
2006.10.27 19:30 B C:\Altnet\hoc\Herbs.htm --> newchinaacupuncture.com.au /httpdocs Herbs.htm
2006.10.27 19:41 B C:\Altnet\hoc\Diet.htm --> newchinaacupuncture.com.au /httpdocs Diet.htm
2006.10.27 20:11 B C:\Altnet\hoc\card2(TN).jpg --> newchinaacupuncture.com.au /httpdocs card2(TN).jpg
2006.10.27 20:12 B C:\Altnet\hoc\Acu.htm --> newchinaacupuncture.com.au /httpdocs Acu.htm
2006.10.27 20:12 B C:\Altnet\hoc\Chinese1.htm --> newchinaacupuncture.com.au /httpdocs Chinese1.htm
2006.10.27 20:12 B C:\Altnet\hoc\Conditions.htm --> newchinaacupuncture.com.au /httpdocs Conditions.htm
2006.10.27 20:12 B C:\Altnet\hoc\Contact.htm --> newchinaacupuncture.com.au /httpdocs Contact.htm
2006.10.27 20:12 B C:\Altnet\hoc\Cup.htm --> newchinaacupuncture.com.au /httpdocs Cup.htm
2006.10.27 20:12 B C:\Altnet\hoc\Diet.htm --> newchinaacupuncture.com.au /httpdocs Diet.htm
2006.10.27 20:12 B C:\Altnet\hoc\Faq.htm --> newchinaacupuncture.com.au /httpdocs Faq.htm
2006.10.27 20:12 B C:\Altnet\hoc\Health.htm --> newchinaacupuncture.com.au /httpdocs Health.htm
2006.10.27 20:12 B C:\Altnet\hoc\Herbs.htm --> newchinaacupuncture.com.au /httpdocs Herbs.htm
2006.10.27 20:12 B C:\Altnet\hoc\Hoc.htm --> newchinaacupuncture.com.au /httpdocs Hoc.htm
2006.10.27 20:12 B C:\Altnet\hoc\index.html --> newchinaacupuncture.com.au /httpdocs index.html
2006.10.27 20:12 B C:\Altnet\hoc\Moxa.htm --> newchinaacupuncture.com.au /httpdocs Moxa.htm
2006.10.27 20:12 B C:\Altnet\hoc\Tuina.htm --> newchinaacupuncture.com.au /httpdocs Tuina.htm
2006.10.27 20:27 B C:\Altnet\hoc\index.html --> newchinaacupuncture.com.au /httpdocs index.html
2006.10.27 20:28 B C:\Altnet\hoc\index.html --> newchinaacupuncture.com.au /httpdocs index.html
2006.10.27 20:28 B C:\Altnet\hoc\index2.htm --> newchinaacupuncture.com.au /httpdocs index2.htm
2006.10.27 20:28 B C:\Altnet\hoc\index2.html --> newchinaacupuncture.com.au /httpdocs index2.html
2006.10.27 20:28 B C:\Altnet\hoc\index3.htm --> newchinaacupuncture.com.au /httpdocs index3.htm
2006.10.27 20:28 B C:\Altnet\hoc\index3.html --> newchinaacupuncture.com.au /httpdocs index3.html
2006.10.27 20:28 B C:\Altnet\hoc\index4.htm --> newchinaacupuncture.com.au /httpdocs index4.htm
2006.10.27 20:28 B C:\Altnet\hoc\index4.html --> newchinaacupuncture.com.au /httpdocs index4.html
2006.10.27 20:28 B C:\Altnet\hoc\index5.htm --> newchinaacupuncture.com.au /httpdocs index5.htm
2006.10.27 20:28 B C:\Altnet\hoc\index5.html --> newchinaacupuncture.com.au /httpdocs index5.html
2006.10.27 20:28 B C:\Altnet\hoc\index6.html --> newchinaacupuncture.com.au /httpdocs index6.html
2006.10.27 20:28 B C:\Altnet\hoc\Index_hnavbar.html --> newchinaacupuncture.com.au /httpdocs Index_hnavbar.html
2006.10.27 20:28 B C:\Altnet\hoc\index_hnavbar2.html --> newchinaacupuncture.com.au /httpdocs index_hnavbar2.html
2006.10.27 20:28 B C:\Altnet\hoc\index_hnavbar3.html --> newchinaacupuncture.com.au /httpdocs index_hnavbar3.html
2006.10.27 20:28 B C:\Altnet\hoc\index_hnavbar4.html --> newchinaacupuncture.com.au /httpdocs index_hnavbar4.html
2006.10.27 20:28 B C:\Altnet\hoc\index_hnavbar5.html --> newchinaacupuncture.com.au /httpdocs index_hnavbar5.html
2006.10.27 20:28 B C:\Altnet\hoc\index_hnavbar6.html --> newchinaacupuncture.com.au /httpdocs index_hnavbar6.html
2006.10.27 20:28 B C:\Altnet\hoc\Index_vnavbar.html --> newchinaacupuncture.com.au /httpdocs Index_vnavbar.html
2006.10.27 20:28 B C:\Altnet\hoc\index_vnavbar2.html --> newchinaacupuncture.com.au /httpdocs index_vnavbar2.html
2006.10.27 20:28 B C:\Altnet\hoc\index_vnavbar3.html --> newchinaacupuncture.com.au /httpdocs index_vnavbar3.html
2006.10.27 20:28 B C:\Altnet\hoc\index_vnavbar4.html --> newchinaacupuncture.com.au /httpdocs index_vnavbar4.html
2006.10.27 20:28 B C:\Altnet\hoc\index_vnavbar5.html --> newchinaacupuncture.com.au /httpdocs index_vnavbar5.html
2006.10.27 20:37 B C:\Altnet\hoc\Ab needling.jpg --> newchinaacupuncture.com.au /httpdocs Ab needling.jpg
2006.10.27 20:37 B C:\Altnet\hoc\Acu.htm --> newchinaacupuncture.com.au /httpdocs Acu.htm
2006.10.27 20:37 B C:\Altnet\hoc\card2(TN).jpg --> newchinaacupuncture.com.au /httpdocs card2(TN).jpg
2006.10.27 20:37 B C:\Altnet\hoc\Chinese1.htm --> newchinaacupuncture.com.au /httpdocs Chinese1.htm
2006.10.27 20:37 B C:\Altnet\hoc\Conditions.htm --> newchinaacupuncture.com.au /httpdocs Conditions.htm
2006.10.27 20:37 B C:\Altnet\hoc\Consult.jpg --> newchinaacupuncture.com.au /httpdocs Consult.jpg
2006.10.27 20:37 B C:\Altnet\hoc\Contact.htm --> newchinaacupuncture.com.au /httpdocs Contact.htm
2006.10.27 20:37 B C:\Altnet\hoc\Cup.htm --> newchinaacupuncture.com.au /httpdocs Cup.htm
2006.10.27 20:37 B C:\Altnet\hoc\cupping1.jpg --> newchinaacupuncture.com.au /httpdocs cupping1.jpg
2006.10.27 20:37 B C:\Altnet\hoc\Diet.htm --> newchinaacupuncture.com.au /httpdocs Diet.htm
2006.10.27 20:37 B C:\Altnet\hoc\Faq.htm --> newchinaacupuncture.com.au /httpdocs Faq.htm
2006.10.27 20:37 B C:\Altnet\hoc\Health.htm --> newchinaacupuncture.com.au /httpdocs Health.htm
2006.10.27 20:37 B C:\Altnet\hoc\Herbs.htm --> newchinaacupuncture.com.au /httpdocs Herbs.htm
2006.10.27 20:37 B C:\Altnet\hoc\Herbs.jpg --> newchinaacupuncture.com.au /httpdocs Herbs.jpg
2006.10.27 20:37 B C:\Altnet\hoc\Hoc-Close.jpg --> newchinaacupuncture.com.au /httpdocs Hoc-Close.jpg
2006.10.27 20:38 B C:\Altnet\hoc\Hoc.htm --> newchinaacupuncture.com.au /httpdocs Hoc.htm
2006.10.27 20:38 B C:\Altnet\hoc\Hoc.jpg --> newchinaacupuncture.com.au /httpdocs Hoc.jpg
2006.10.27 20:38 B C:\Altnet\hoc\Hoc2.jpg --> newchinaacupuncture.com.au /httpdocs Hoc2.jpg
2006.10.27 20:38 B C:\Altnet\hoc\IMG_5689 (Large).jpg --> newchinaacupuncture.com.au /httpdocs IMG_5689 (Large).jpg
2006.10.27 20:38 B C:\Altnet\hoc\IMG_5693 (Large).jpg --> newchinaacupuncture.com.au /httpdocs IMG_5693 (Large).jpg
2006.10.27 20:38 B C:\Altnet\hoc\index.html --> newchinaacupuncture.com.au /httpdocs index.html
2006.10.27 20:38 B C:\Altnet\hoc\index2.htm --> newchinaacupuncture.com.au /httpdocs index2.htm
2006.10.27 20:38 B C:\Altnet\hoc\index2.html --> newchinaacupuncture.com.au /httpdocs index2.html
2006.10.27 20:38 B C:\Altnet\hoc\index3.htm --> newchinaacupuncture.com.au /httpdocs index3.htm
2006.10.27 20:38 B C:\Altnet\hoc\index3.html --> newchinaacupuncture.com.au /httpdocs index3.html
2006.10.27 20:38 B C:\Altnet\hoc\index4.htm --> newchinaacupuncture.com.au /httpdocs index4.htm
2006.10.27 20:38 B C:\Altnet\hoc\index4.html --> newchinaacupuncture.com.au /httpdocs index4.html
2006.10.27 20:38 B C:\Altnet\hoc\index5.htm --> newchinaacupuncture.com.au /httpdocs index5.htm
2006.10.27 20:38 B C:\Altnet\hoc\index5.html --> newchinaacupuncture.com.au /httpdocs index5.html
2006.10.27 20:38 B C:\Altnet\hoc\index6.html --> newchinaacupuncture.com.au /httpdocs index6.html
2006.10.27 20:38 B C:\Altnet\hoc\Index_hnavbar.html --> newchinaacupuncture.com.au /httpdocs Index_hnavbar.html
2006.10.27 20:38 B C:\Altnet\hoc\index_hnavbar2.html --> newchinaacupuncture.com.au /httpdocs index_hnavbar2.html
2006.10.27 20:38 B C:\Altnet\hoc\index_hnavbar3.html --> newchinaacupuncture.com.au /httpdocs index_hnavbar3.html
2006.10.27 20:38 B C:\Altnet\hoc\index_hnavbar4.html --> newchinaacupuncture.com.au /httpdocs index_hnavbar4.html
2006.10.27 20:38 B C:\Altnet\hoc\index_hnavbar5.html --> newchinaacupuncture.com.au /httpdocs index_hnavbar5.html
2006.10.27 20:38 B C:\Altnet\hoc\index_hnavbar6.html --> newchinaacupuncture.com.au /httpdocs index_hnavbar6.html
2006.10.27 20:38 B C:\Altnet\hoc\Index_vnavbar.html --> newchinaacupuncture.com.au /httpdocs Index_vnavbar.html
2006.10.27 20:38 B C:\Altnet\hoc\index_vnavbar2.html --> newchinaacupuncture.com.au /httpdocs index_vnavbar2.html
2006.10.27 20:38 B C:\Altnet\hoc\index_vnavbar3.html --> newchinaacupuncture.com.au /httpdocs index_vnavbar3.html
2006.10.27 20:38 B C:\Altnet\hoc\index_vnavbar4.html --> newchinaacupuncture.com.au /httpdocs index_vnavbar4.html
2006.10.27 20:38 B C:\Altnet\hoc\index_vnavbar5.html --> newchinaacupuncture.com.au /httpdocs index_vnavbar5.html
2006.10.27 20:38 B C:\Altnet\hoc\Lifestyle Advice - Food list for patient.pdf --> newchinaacupuncture.com.au /httpdocs Lifestyle Advice - Food list for patient.pdf
2006.10.27 20:38 B C:\Altnet\hoc\massage 3.jpg --> newchinaacupuncture.com.au /httpdocs massage 3.jpg
2006.10.27 20:38 B C:\Altnet\hoc\massage1.jpg --> newchinaacupuncture.com.au /httpdocs massage1.jpg
2006.10.27 20:38 B C:\Altnet\hoc\massage4.jpg --> newchinaacupuncture.com.au /httpdocs massage4.jpg
2006.10.27 20:38 B C:\Altnet\hoc\Moxa.htm --> newchinaacupuncture.com.au /httpdocs Moxa.htm
2006.10.27 20:38 B C:\Altnet\hoc\moxa1.jpg --> newchinaacupuncture.com.au /httpdocs moxa1.jpg
2006.10.27 20:38 B C:\Altnet\hoc\neddle2.jpg --> newchinaacupuncture.com.au /httpdocs neddle2.jpg
2006.10.27 20:38 B C:\Altnet\hoc\needle1.jpg --> newchinaacupuncture.com.au /httpdocs needle1.jpg
2006.10.27 20:38 B C:\Altnet\hoc\scan0010.jpg --> newchinaacupuncture.com.au /httpdocs scan0010.jpg
2006.10.27 20:38 B C:\Altnet\hoc\Thumbs.db --> newchinaacupuncture.com.au /httpdocs Thumbs.db
2006.10.27 20:38 B C:\Altnet\hoc\Tuina.htm --> newchinaacupuncture.com.au /httpdocs Tuina.htm
2006.10.27 20:38 B C:\Altnet\hoc\WS_FTP.LOG --> newchinaacupuncture.com.au /httpdocs WS_FTP.LOG
2006.10.27 20:38 B C:\Altnet\hoc\xaramenu.js --> newchinaacupuncture.com.au /httpdocs xaramenu.js
2006.10.27 20:54 B C:\Altnet\hoc\Acu.htm --> newchinaacupuncture.com.au /httpdocs Acu.htm
2006.10.27 20:54 B C:\Altnet\hoc\card2(TN).jpg --> newchinaacupuncture.com.au /httpdocs card2(TN).jpg
2006.10.27 20:54 B C:\Altnet\hoc\Chinese1.htm --> newchinaacupuncture.com.au /httpdocs Chinese1.htm
2006.10.27 20:54 B C:\Altnet\hoc\Conditions.htm --> newchinaacupuncture.com.au /httpdocs Conditions.htm
2006.10.27 20:54 B C:\Altnet\hoc\Consult.jpg --> newchinaacupuncture.com.au /httpdocs Consult.jpg
2006.10.27 20:54 B C:\Altnet\hoc\Contact.htm --> newchinaacupuncture.com.au /httpdocs Contact.htm
2006.10.27 20:54 B C:\Altnet\hoc\Cup.htm --> newchinaacupuncture.com.au /httpdocs Cup.htm
2006.10.27 20:54 B C:\Altnet\hoc\cupping1.jpg --> newchinaacupuncture.com.au /httpdocs cupping1.jpg
2006.10.27 20:54 B C:\Altnet\hoc\Diet.htm --> newchinaacupuncture.com.au /httpdocs Diet.htm
2006.10.27 20:54 B C:\Altnet\hoc\Faq.htm --> newchinaacupuncture.com.au /httpdocs Faq.htm
2006.10.27 20:54 B C:\Altnet\hoc\Health.htm --> newchinaacupuncture.com.au /httpdocs Health.htm
2006.10.27 20:54 B C:\Altnet\hoc\Herbs.htm --> newchinaacupuncture.com.au /httpdocs Herbs.htm
2006.10.27 20:54 B C:\Altnet\hoc\Herbs.jpg --> newchinaacupuncture.com.au /httpdocs Herbs.jpg
2006.10.27 20:54 B C:\Altnet\hoc\Hoc-Close.jpg --> newchinaacupuncture.com.au /httpdocs Hoc-Close.jpg
2006.10.27 20:54 B C:\Altnet\hoc\Hoc.htm --> newchinaacupuncture.com.au /httpdocs Hoc.htm
2006.10.27 20:54 B C:\Altnet\hoc\Hoc.jpg --> newchinaacupuncture.com.au /httpdocs Hoc.jpg
2006.10.27 20:54 B C:\Altnet\hoc\Hoc2.jpg --> newchinaacupuncture.com.au /httpdocs Hoc2.jpg
2006.10.27 20:54 B C:\Altnet\hoc\IMG_5689 (Large).jpg --> newchinaacupuncture.com.au /httpdocs IMG_5689 (Large).jpg
2006.10.27 20:54 B C:\Altnet\hoc\IMG_5693 (Large).jpg --> newchinaacupuncture.com.au /httpdocs IMG_5693 (Large).jpg
2006.10.27 20:54 B C:\Altnet\hoc\index.html --> newchinaacupuncture.com.au /httpdocs index.html
2006.10.27 20:54 B C:\Altnet\hoc\Lifestyle Advice - Food list for patient.pdf --> newchinaacupuncture.com.au /httpdocs Lifestyle Advice - Food list for patient.pdf
2006.10.27 20:54 B C:\Altnet\hoc\massage 3.jpg --> newchinaacupuncture.com.au /httpdocs massage 3.jpg
2006.10.27 20:54 B C:\Altnet\hoc\massage1.jpg --> newchinaacupuncture.com.au /httpdocs massage1.jpg
2006.10.27 20:54 B C:\Altnet\hoc\massage4.jpg --> newchinaacupuncture.com.au /httpdocs massage4.jpg
2006.10.27 20:54 B C:\Altnet\hoc\Moxa.htm --> newchinaacupuncture.com.au /httpdocs Moxa.htm
2006.10.27 20:55 B C:\Altnet\hoc\moxa1.jpg --> newchinaacupuncture.com.au /httpdocs moxa1.jpg
2006.10.27 20:55 B C:\Altnet\hoc\neddle2.jpg --> newchinaacupuncture.com.au /httpdocs neddle2.jpg
2006.10.27 20:55 B C:\Altnet\hoc\needle1.jpg --> newchinaacupuncture.com.au /httpdocs needle1.jpg
2006.10.27 20:55 B C:\Altnet\hoc\scan0010.jpg --> newchinaacupuncture.com.au /httpdocs scan0010.jpg
2006.10.27 20:55 B C:\Altnet\hoc\Thumbs.db --> newchinaacupuncture.com.au /httpdocs Thumbs.db
2006.10.27 20:55 B C:\Altnet\hoc\Tuina.htm --> newchinaacupuncture.com.au /httpdocs Tuina.htm
2006.10.27 20:55 B C:\Altnet\hoc\WS_FTP.LOG --> newchinaacupuncture.com.au /httpdocs WS_FTP.LOG
2006.10.27 20:55 B C:\Altnet\hoc\xaramenu.js --> newchinaacupuncture.com.au /httpdocs xaramenu.js
2006.10.28 09:40 B C:\Altnet\hoc\xaramenu.js --> newchinaacupuncture.com.au /httpdocs xaramenu.js
2006.10.28 09:42 B C:\Altnet\hoc\Acu.htm --> newchinaacupuncture.com.au /httpdocs Acu.htm
2006.10.28 09:42 B C:\Altnet\hoc\Chinese1.htm --> newchinaacupuncture.com.au /httpdocs Chinese1.htm
2006.10.28 09:42 B C:\Altnet\hoc\Cup.htm --> newchinaacupuncture.com.au /httpdocs Cup.htm
2006.10.28 09:42 B C:\Altnet\hoc\Diet.htm --> newchinaacupuncture.com.au /httpdocs Diet.htm
2006.10.28 09:42 B C:\Altnet\hoc\Faq.htm --> newchinaacupuncture.com.au /httpdocs Faq.htm
2006.10.28 09:42 B C:\Altnet\hoc\Health.htm --> newchinaacupuncture.com.au /httpdocs Health.htm
2006.10.28 09:42 B C:\Altnet\hoc\Herbs.htm --> newchinaacupuncture.com.au /httpdocs Herbs.htm
2006.10.28 09:42 B C:\Altnet\hoc\Hoc.htm --> newchinaacupuncture.com.au /httpdocs Hoc.htm
2006.10.28 09:42 B C:\Altnet\hoc\index.html --> newchinaacupuncture.com.au /httpdocs index.html
2006.10.28 09:42 B C:\Altnet\hoc\Moxa.htm --> newchinaacupuncture.com.au /httpdocs Moxa.htm
2006.10.28 09:42 B C:\Altnet\hoc\Tuina.htm --> newchinaacupuncture.com.au /httpdocs Tuina.htm
2006.10.28 09:42 B C:\Altnet\hoc\Conditions.htm --> newchinaacupuncture.com.au /httpdocs Conditions.htm
2006.10.28 09:45 B C:\Altnet\hoc\Index_hnavbar.html --> newchinaacupuncture.com.au /httpdocs Index_hnavbar.html
2006.10.28 09:53 B C:\Altnet\hoc\Acu.htm --> newchinaacupuncture.com.au /httpdocs Acu.htm
2006.10.28 09:53 B C:\Altnet\hoc\card2(TN).jpg --> newchinaacupuncture.com.au /httpdocs card2(TN).jpg
2006.10.28 09:53 B C:\Altnet\hoc\Chinese1.htm --> newchinaacupuncture.com.au /httpdocs Chinese1.htm
2006.10.28 09:53 B C:\Altnet\hoc\Conditions.htm --> newchinaacupuncture.com.au /httpdocs Conditions.htm
2006.10.28 09:53 B C:\Altnet\hoc\Consult.jpg --> newchinaacupuncture.com.au /httpdocs Consult.jpg
2006.10.28 09:53 B C:\Altnet\hoc\Cup.htm --> newchinaacupuncture.com.au /httpdocs Cup.htm
2006.10.28 09:53 B C:\Altnet\hoc\cupping1.jpg --> newchinaacupuncture.com.au /httpdocs cupping1.jpg
2006.10.28 09:53 B C:\Altnet\hoc\Diet.htm --> newchinaacupuncture.com.au /httpdocs Diet.htm
2006.10.28 09:53 B C:\Altnet\hoc\Faq.htm --> newchinaacupuncture.com.au /httpdocs Faq.htm
2006.10.28 09:53 B C:\Altnet\hoc\Health.htm --> newchinaacupuncture.com.au /httpdocs Health.htm
2006.10.28 09:53 B C:\Altnet\hoc\Herbs.htm --> newchinaacupuncture.com.au /httpdocs Herbs.htm
2006.10.28 09:53 B C:\Altnet\hoc\Herbs.jpg --> newchinaacupuncture.com.au /httpdocs Herbs.jpg
2006.10.28 09:53 B C:\Altnet\hoc\Hoc-Close.jpg --> newchinaacupuncture.com.au /httpdocs Hoc-Close.jpg
2006.10.28 09:53 B C:\Altnet\hoc\Hoc.htm --> newchinaacupuncture.com.au /httpdocs Hoc.htm
2006.10.28 09:53 B C:\Altnet\hoc\Hoc.jpg --> newchinaacupuncture.com.au /httpdocs Hoc.jpg
2006.10.28 09:53 B C:\Altnet\hoc\Hoc2.jpg --> newchinaacupuncture.com.au /httpdocs Hoc2.jpg
2006.10.28 09:53 B C:\Altnet\hoc\IMG_5689 (Large).jpg --> newchinaacupuncture.com.au /httpdocs IMG_5689 (Large).jpg
2006.10.28 09:53 B C:\Altnet\hoc\IMG_5693 (Large).jpg --> newchinaacupuncture.com.au /httpdocs IMG_5693 (Large).jpg
2006.10.28 09:53 B C:\Altnet\hoc\index.html --> newchinaacupuncture.com.au /httpdocs index.html
2006.10.28 09:53 B C:\Altnet\hoc\Index_hnavbar.html --> newchinaacupuncture.com.au /httpdocs Index_hnavbar.html
2006.10.28 09:53 B C:\Altnet\hoc\massage 3.jpg --> newchinaacupuncture.com.au /httpdocs massage 3.jpg
2006.10.28 09:53 B C:\Altnet\hoc\massage1.jpg --> newchinaacupuncture.com.au /httpdocs massage1.jpg
2006.10.28 09:53 B C:\Altnet\hoc\massage4.jpg --> newchinaacupuncture.com.au /httpdocs massage4.jpg
2006.10.28 09:53 B C:\Altnet\hoc\Moxa.htm --> newchinaacupuncture.com.au /httpdocs Moxa.htm
2006.10.28 09:53 B C:\Altnet\hoc\moxa1.jpg --> newchinaacupuncture.com.au /httpdocs moxa1.jpg
2006.10.28 09:53 B C:\Altnet\hoc\neddle2.jpg --> newchinaacupuncture.com.au /httpdocs neddle2.jpg
2006.10.28 09:53 B C:\Altnet\hoc\needle1.jpg --> newchinaacupuncture.com.au /httpdocs needle1.jpg
2006.10.28 09:53 B C:\Altnet\hoc\scan0010.jpg --> newchinaacupuncture.com.au /httpdocs scan0010.jpg
2006.10.28 09:53 B C:\Altnet\hoc\Thumbs.db --> newchinaacupuncture.com.au /httpdocs Thumbs.db
2006.10.28 09:53 B C:\Altnet\hoc\Tuina.htm --> newchinaacupuncture.com.au /httpdocs Tuina.htm
